{"timestamp":"2026-05-17T09:02:43.110501Z","level":"info","event":"DAG bundles loaded: dags-folder","logger":"airflow.dag_processing.bundles.manager.DagBundlesManager","filename":"manager.py","lineno":209}
{"timestamp":"2026-05-17T09:02:43.116773Z","level":"info","event":"Filling up the DagBag from /opt/airflow/dags/dag_file.py","logger":"airflow.dag_processing.dagbag.BundleDagBag","filename":"dagbag.py","lineno":469}
{"timestamp":"2026-05-17T09:02:44.206762Z","level":"info","event":"<class 'pandas.core.frame.DataFrame'>","logger":"task.stdout"}
{"timestamp":"2026-05-17T09:02:44.208150Z","level":"info","event":"RangeIndex: 4117 entries, 0 to 4116","logger":"task.stdout"}
{"timestamp":"2026-05-17T09:02:44.208670Z","level":"info","event":"Data columns (total 16 columns):","logger":"task.stdout"}
{"timestamp":"2026-05-17T09:02:44.209104Z","level":"info","event":" #   Column              Non-Null Count  Dtype","logger":"task.stdout"}
{"timestamp":"2026-05-17T09:02:44.209514Z","level":"info","event":"---  ------              --------------  -----","logger":"task.stdout"}
{"timestamp":"2026-05-17T09:02:44.209997Z","level":"info","event":" 0   OBJECTID            4117 non-null   int64","logger":"task.stdout"}
{"timestamp":"2026-05-17T09:02:44.210411Z","level":"info","event":" 1   HSISID              4117 non-null   int64","logger":"task.stdout"}
{"timestamp":"2026-05-17T09:02:44.210871Z","level":"info","event":" 2   NAME                4117 non-null   object","logger":"task.stdout"}
{"timestamp":"2026-05-17T09:02:44.211346Z","level":"info","event":" 3   ADDRESS1            4117 non-null   object","logger":"task.stdout"}
{"timestamp":"2026-05-17T09:02:44.211783Z","level":"info","event":" 4   ADDRESS2            623 non-null    object","logger":"task.stdout"}
{"timestamp":"2026-05-17T09:02:44.212137Z","level":"info","event":" 5   CITY                4117 non-null   object","logger":"task.stdout"}
{"timestamp":"2026-05-17T09:02:44.212480Z","level":"info","event":" 6   STATE               4117 non-null   object","logger":"task.stdout"}
{"timestamp":"2026-05-17T09:02:44.212799Z","level":"info","event":" 7   POSTALCODE          4117 non-null   object","logger":"task.stdout"}
{"timestamp":"2026-05-17T09:02:44.213116Z","level":"info","event":" 8   PHONENUMBER         3774 non-null   object","logger":"task.stdout"}
{"timestamp":"2026-05-17T09:02:44.213439Z","level":"info","event":" 9   RESTAURANTOPENDATE  4117 non-null   datetime64[ns, UTC]","logger":"task.stdout"}
{"timestamp":"2026-05-17T09:02:44.213907Z","level":"info","event":" 10  FACILITYTYPE        4117 non-null   object","logger":"task.stdout"}
{"timestamp":"2026-05-17T09:02:44.214274Z","level":"info","event":" 11  X                   4117 non-null   float64","logger":"task.stdout"}
{"timestamp":"2026-05-17T09:02:44.214643Z","level":"info","event":" 12  Y                   4117 non-null   float64","logger":"task.stdout"}
{"timestamp":"2026-05-17T09:02:44.215013Z","level":"info","event":" 13  GEOCODESTATUS       4117 non-null   object","logger":"task.stdout"}
{"timestamp":"2026-05-17T09:02:44.215383Z","level":"info","event":" 14  SHAPE               0 non-null      float64","logger":"task.stdout"}
{"timestamp":"2026-05-17T09:02:44.215800Z","level":"info","event":" 15  PERMITID            4117 non-null   object","logger":"task.stdout"}
{"timestamp":"2026-05-17T09:02:44.216197Z","level":"info","event":"dtypes: datetime64[ns, UTC](1), float64(3), int64(2), object(10)","logger":"task.stdout"}
{"timestamp":"2026-05-17T09:02:44.216541Z","level":"info","event":"memory usage: 514.8+ KB","logger":"task.stdout"}
{"timestamp":"2026-05-17T09:02:44.216920Z","level":"info","event":"None","logger":"task.stdout"}
{"timestamp":"2026-05-17T09:02:44.206997Z","level":"info","event":"Done. Returned value was: None","logger":"airflow.task.operators.airflow.providers.standard.operators.python.PythonOperator","filename":"python.py","lineno":229}
