{"timestamp":"2026-05-16T10:37:00.311918Z","level":"info","event":"DAG bundles loaded: dags-folder","logger":"airflow.dag_processing.bundles.manager.DagBundlesManager","filename":"manager.py","lineno":209}
{"timestamp":"2026-05-16T10:37:00.318329Z","level":"info","event":"Filling up the DagBag from /opt/airflow/dags/dag_file.py","logger":"airflow.dag_processing.dagbag.BundleDagBag","filename":"dagbag.py","lineno":469}
{"timestamp":"2026-05-16T10:37:01.147363Z","level":"info","event":"                NAME                  ADDRESS1           CITY","logger":"task.stdout"}
{"timestamp":"2026-05-16T10:37:01.148505Z","level":"info","event":"3      BOJANGLES # 2   4405 FALLS OF NEUSE RD         RALEIGH","logger":"task.stdout"}
{"timestamp":"2026-05-16T10:37:01.149710Z","level":"info","event":"4      BOJANGLES # 3        1013 NEW BERN AVE         RALEIGH","logger":"task.stdout"}
{"timestamp":"2026-05-16T10:37:01.151078Z","level":"info","event":"5      BOJANGLES #11      7525 KNIGHTDALE BLVD     KNIGHTDALE","logger":"task.stdout"}
{"timestamp":"2026-05-16T10:37:01.151734Z","level":"info","event":"6      BOJANGLES #12        3808 WESTERN BLVD         RALEIGH","logger":"task.stdout"}
{"timestamp":"2026-05-16T10:37:01.152228Z","level":"info","event":"58         BOJANGLES           1400 N MAIN ST   FUQUAY-VARINA","logger":"task.stdout"}
{"timestamp":"2026-05-16T10:37:01.152713Z","level":"info","event":"59     BOJANGLES #15        5409 CAPITAL BLVD         RALEIGH","logger":"task.stdout"}
{"timestamp":"2026-05-16T10:37:01.153106Z","level":"info","event":"73         BOJANGLES   1209 LAURA VILLAGE  RD            APEX","logger":"task.stdout"}
{"timestamp":"2026-05-16T10:37:01.153574Z","level":"info","event":"142        BOJANGLES         2620 ATLANTIC AVE        RALEIGH","logger":"task.stdout"}
{"timestamp":"2026-05-16T10:37:01.153976Z","level":"info","event":"181    BOJANGLES #27    3920 JONES SAUSAGE RD          GARNER","logger":"task.stdout"}
{"timestamp":"2026-05-16T10:37:01.154371Z","level":"info","event":"199   BOJANGLES # 29       12109 CLOVERLEAF DR    WAKE FOREST","logger":"task.stdout"}
{"timestamp":"2026-05-16T10:37:01.154773Z","level":"info","event":"240   BOJANGLES # 31          10610 DURANT RD         RALEIGH","logger":"task.stdout"}
{"timestamp":"2026-05-16T10:37:01.155314Z","level":"info","event":"301        BOJANGLES        4621 NEW BERN AVE         RALEIGH","logger":"task.stdout"}
{"timestamp":"2026-05-16T10:37:01.155742Z","level":"info","event":"330    BOJANGLES #36        8680 GLENWOOD AVE         RALEIGH","logger":"task.stdout"}
{"timestamp":"2026-05-16T10:37:01.156199Z","level":"info","event":"355    BOJANGLES #37           1000 CLAREN CIR    MORRISVILLE","logger":"task.stdout"}
{"timestamp":"2026-05-16T10:37:01.156750Z","level":"info","event":"421    BOJANGLES #39       1581 E WILLIAMS ST            APEX","logger":"task.stdout"}
{"timestamp":"2026-05-16T10:37:01.157219Z","level":"info","event":"521    BOJANGLES #42         840 E CHATHAM ST            CARY","logger":"task.stdout"}
{"timestamp":"2026-05-16T10:37:01.157710Z","level":"info","event":"558        BOJANGLES     3025 WINSTON HILL DR            CARY","logger":"task.stdout"}
{"timestamp":"2026-05-16T10:37:01.158158Z","level":"info","event":"566    BOJANGLES #45            900 S MAIN ST      ROLESVILLE","logger":"task.stdout"}
{"timestamp":"2026-05-16T10:37:01.158560Z","level":"info","event":"587    BOJANGLES #46      1513 N ARENDELL AVE         ZEBULON","logger":"task.stdout"}
{"timestamp":"2026-05-16T10:37:01.159006Z","level":"info","event":"744    BOJANGLES #49    9919 FAYETTEVILLE  ST         RALEIGH","logger":"task.stdout"}
{"timestamp":"2026-05-16T10:37:01.159385Z","level":"info","event":"780     BOJANGLES #5     3301 S WILMINGTON ST         RALEIGH","logger":"task.stdout"}
{"timestamp":"2026-05-16T10:37:01.159809Z","level":"info","event":"929    BOJANGLES #51    1425 BROGDEN WOODS DR     WAKE FOREST","logger":"task.stdout"}
{"timestamp":"2026-05-16T10:37:01.160207Z","level":"info","event":"1469   BOJANGLES #52            5856 TRYON RD            CARY","logger":"task.stdout"}
{"timestamp":"2026-05-16T10:37:01.160642Z","level":"info","event":"1701   BOJANGLES #53           1541 SUNDAY DR         RALEIGH","logger":"task.stdout"}
{"timestamp":"2026-05-16T10:37:01.161047Z","level":"info","event":"1775   BOJANGLES #54            3900 NC 55 HWY           CARY","logger":"task.stdout"}
{"timestamp":"2026-05-16T10:37:01.161457Z","level":"info","event":"2010  BOJANGLE'S #55   151 COLLINS CROSSING RD  HOLLY SPRINGS","logger":"task.stdout"}
{"timestamp":"2026-05-16T10:37:01.162027Z","level":"info","event":"2048   BOJANGLES #56  2232 WENDELL FALLS PKWY         WENDELL","logger":"task.stdout"}
{"timestamp":"2026-05-16T10:37:01.147412Z","level":"info","event":"Done. Returned value was: None","logger":"airflow.task.operators.airflow.providers.standard.operators.python.PythonOperator","filename":"python.py","lineno":229}
