{"timestamp":"2026-05-15T13:15:52.658550Z","level":"info","event":"Filling up the DagBag from /opt/airflow/dags/dag_file.py","logger":"airflow.dag_processing.dagbag.BundleDagBag","filename":"dagbag.py","lineno":469}
{"timestamp":"2026-05-15T13:15:52.774856Z","level":"error","event":"Failed to import: /opt/airflow/dags/dag_file.py","logger":"airflow.dag_processing.importers.python_importer","filename":"python_importer.py","lineno":244,"error_detail":[{"exc_type":"NameError","exc_value":"name 'extract_function' is not defined","exc_notes":[],"syntax_error":null,"is_cause":false,"frames":[{"filename":"/home/airflow/.local/lib/python3.13/site-packages/airflow/dag_processing/importers/python_importer.py","lineno":238,"name":"parse"},{"filename":"<frozen importlib._bootstrap_external>","lineno":1023,"name":"exec_module"},{"filename":"<frozen importlib._bootstrap>","lineno":488,"name":"_call_with_frames_removed"},{"filename":"/opt/airflow/dags/dag_file.py","lineno":13,"name":"<module>"}],"is_group":false,"exceptions":[]}]}
{"timestamp":"2026-05-15T13:15:52.793206Z","level":"error","event":"Error loading DAG from dag_file.py: name 'extract_function' is not defined","logger":"airflow.dag_processing.dagbag.BundleDagBag","filename":"dagbag.py","lineno":327}
{"timestamp":"2026-05-15T13:16:23.277631Z","level":"info","event":"Filling up the DagBag from /opt/airflow/dags/dag_file.py","logger":"airflow.dag_processing.dagbag.BundleDagBag","filename":"dagbag.py","lineno":469}
{"timestamp":"2026-05-15T13:16:23.313233Z","level":"error","event":"Failed to import: /opt/airflow/dags/dag_file.py","logger":"airflow.dag_processing.importers.python_importer","filename":"python_importer.py","lineno":244,"error_detail":[{"exc_type":"NameError","exc_value":"name 'extract_function' is not defined","exc_notes":[],"syntax_error":null,"is_cause":false,"frames":[{"filename":"/home/airflow/.local/lib/python3.13/site-packages/airflow/dag_processing/importers/python_importer.py","lineno":238,"name":"parse"},{"filename":"<frozen importlib._bootstrap_external>","lineno":1023,"name":"exec_module"},{"filename":"<frozen importlib._bootstrap>","lineno":488,"name":"_call_with_frames_removed"},{"filename":"/opt/airflow/dags/dag_file.py","lineno":13,"name":"<module>"}],"is_group":false,"exceptions":[]}]}
{"timestamp":"2026-05-15T13:16:23.322463Z","level":"error","event":"Error loading DAG from dag_file.py: name 'extract_function' is not defined","logger":"airflow.dag_processing.dagbag.BundleDagBag","filename":"dagbag.py","lineno":327}
{"timestamp":"2026-05-15T13:16:53.724477Z","level":"info","event":"Filling up the DagBag from /opt/airflow/dags/dag_file.py","logger":"airflow.dag_processing.dagbag.BundleDagBag","filename":"dagbag.py","lineno":469}
{"timestamp":"2026-05-15T13:16:53.751644Z","level":"error","event":"Failed to import: /opt/airflow/dags/dag_file.py","logger":"airflow.dag_processing.importers.python_importer","filename":"python_importer.py","lineno":244,"error_detail":[{"exc_type":"NameError","exc_value":"name 'extract_function' is not defined","exc_notes":[],"syntax_error":null,"is_cause":false,"frames":[{"filename":"/home/airflow/.local/lib/python3.13/site-packages/airflow/dag_processing/importers/python_importer.py","lineno":238,"name":"parse"},{"filename":"<frozen importlib._bootstrap_external>","lineno":1023,"name":"exec_module"},{"filename":"<frozen importlib._bootstrap>","lineno":488,"name":"_call_with_frames_removed"},{"filename":"/opt/airflow/dags/dag_file.py","lineno":13,"name":"<module>"}],"is_group":false,"exceptions":[]}]}
{"timestamp":"2026-05-15T13:16:53.760090Z","level":"error","event":"Error loading DAG from dag_file.py: name 'extract_function' is not defined","logger":"airflow.dag_processing.dagbag.BundleDagBag","filename":"dagbag.py","lineno":327}
{"timestamp":"2026-05-15T13:16:54.856364Z","level":"info","event":"Filling up the DagBag from /opt/airflow/dags/dag_file.py","logger":"airflow.dag_processing.dagbag.BundleDagBag","filename":"dagbag.py","lineno":469}
{"timestamp":"2026-05-15T13:16:54.894675Z","level":"error","event":"Failed to import: /opt/airflow/dags/dag_file.py","logger":"airflow.dag_processing.importers.python_importer","filename":"python_importer.py","lineno":244,"error_detail":[{"exc_type":"NameError","exc_value":"name 'extract_function' is not defined","exc_notes":[],"syntax_error":null,"is_cause":false,"frames":[{"filename":"/home/airflow/.local/lib/python3.13/site-packages/airflow/dag_processing/importers/python_importer.py","lineno":238,"name":"parse"},{"filename":"<frozen importlib._bootstrap_external>","lineno":1023,"name":"exec_module"},{"filename":"<frozen importlib._bootstrap>","lineno":488,"name":"_call_with_frames_removed"},{"filename":"/opt/airflow/dags/dag_file.py","lineno":13,"name":"<module>"}],"is_group":false,"exceptions":[]}]}
{"timestamp":"2026-05-15T13:16:54.902546Z","level":"error","event":"Error loading DAG from dag_file.py: name 'extract_function' is not defined","logger":"airflow.dag_processing.dagbag.BundleDagBag","filename":"dagbag.py","lineno":327}
{"timestamp":"2026-05-15T13:17:04.094198Z","level":"info","event":"Filling up the DagBag from /opt/airflow/dags/dag_file.py","logger":"airflow.dag_processing.dagbag.BundleDagBag","filename":"dagbag.py","lineno":469}
{"timestamp":"2026-05-15T13:17:04.124334Z","level":"error","event":"Failed to import: /opt/airflow/dags/dag_file.py","logger":"airflow.dag_processing.importers.python_importer","filename":"python_importer.py","lineno":244,"error_detail":[{"exc_type":"ModuleNotFoundError","exc_value":"No module named 'scripts'","exc_notes":[],"syntax_error":null,"is_cause":false,"frames":[{"filename":"/home/airflow/.local/lib/python3.13/site-packages/airflow/dag_processing/importers/python_importer.py","lineno":238,"name":"parse"},{"filename":"<frozen importlib._bootstrap_external>","lineno":1023,"name":"exec_module"},{"filename":"<frozen importlib._bootstrap>","lineno":488,"name":"_call_with_frames_removed"},{"filename":"/opt/airflow/dags/dag_file.py","lineno":4,"name":"<module>"}],"is_group":false,"exceptions":[]}]}
{"timestamp":"2026-05-15T13:17:04.132442Z","level":"error","event":"Error loading DAG from dag_file.py: No module named 'scripts'","logger":"airflow.dag_processing.dagbag.BundleDagBag","filename":"dagbag.py","lineno":327}
{"timestamp":"2026-05-15T13:17:08.247870Z","level":"info","event":"Filling up the DagBag from /opt/airflow/dags/dag_file.py","logger":"airflow.dag_processing.dagbag.BundleDagBag","filename":"dagbag.py","lineno":469}
{"timestamp":"2026-05-15T13:17:08.281810Z","level":"error","event":"Failed to import: /opt/airflow/dags/dag_file.py","logger":"airflow.dag_processing.importers.python_importer","filename":"python_importer.py","lineno":244,"error_detail":[{"exc_type":"ModuleNotFoundError","exc_value":"No module named 'scripts'","exc_notes":[],"syntax_error":null,"is_cause":false,"frames":[{"filename":"/home/airflow/.local/lib/python3.13/site-packages/airflow/dag_processing/importers/python_importer.py","lineno":238,"name":"parse"},{"filename":"<frozen importlib._bootstrap_external>","lineno":1023,"name":"exec_module"},{"filename":"<frozen importlib._bootstrap>","lineno":488,"name":"_call_with_frames_removed"},{"filename":"/opt/airflow/dags/dag_file.py","lineno":4,"name":"<module>"}],"is_group":false,"exceptions":[]}]}
{"timestamp":"2026-05-15T13:17:08.287470Z","level":"error","event":"Error loading DAG from dag_file.py: No module named 'scripts'","logger":"airflow.dag_processing.dagbag.BundleDagBag","filename":"dagbag.py","lineno":327}
{"timestamp":"2026-05-15T13:17:10.372882Z","level":"info","event":"Filling up the DagBag from /opt/airflow/dags/dag_file.py","logger":"airflow.dag_processing.dagbag.BundleDagBag","filename":"dagbag.py","lineno":469}
{"timestamp":"2026-05-15T13:17:10.402218Z","level":"error","event":"Failed to import: /opt/airflow/dags/dag_file.py","logger":"airflow.dag_processing.importers.python_importer","filename":"python_importer.py","lineno":244,"error_detail":[{"exc_type":"ModuleNotFoundError","exc_value":"No module named 'scripts'","exc_notes":[],"syntax_error":null,"is_cause":false,"frames":[{"filename":"/home/airflow/.local/lib/python3.13/site-packages/airflow/dag_processing/importers/python_importer.py","lineno":238,"name":"parse"},{"filename":"<frozen importlib._bootstrap_external>","lineno":1023,"name":"exec_module"},{"filename":"<frozen importlib._bootstrap>","lineno":488,"name":"_call_with_frames_removed"},{"filename":"/opt/airflow/dags/dag_file.py","lineno":4,"name":"<module>"}],"is_group":false,"exceptions":[]}]}
{"timestamp":"2026-05-15T13:17:10.409881Z","level":"error","event":"Error loading DAG from dag_file.py: No module named 'scripts'","logger":"airflow.dag_processing.dagbag.BundleDagBag","filename":"dagbag.py","lineno":327}
{"timestamp":"2026-05-15T13:17:40.866126Z","level":"info","event":"Filling up the DagBag from /opt/airflow/dags/dag_file.py","logger":"airflow.dag_processing.dagbag.BundleDagBag","filename":"dagbag.py","lineno":469}
{"timestamp":"2026-05-15T13:17:40.905967Z","level":"error","event":"Failed to import: /opt/airflow/dags/dag_file.py","logger":"airflow.dag_processing.importers.python_importer","filename":"python_importer.py","lineno":244,"error_detail":[{"exc_type":"ModuleNotFoundError","exc_value":"No module named 'scripts'","exc_notes":[],"syntax_error":null,"is_cause":false,"frames":[{"filename":"/home/airflow/.local/lib/python3.13/site-packages/airflow/dag_processing/importers/python_importer.py","lineno":238,"name":"parse"},{"filename":"<frozen importlib._bootstrap_external>","lineno":1023,"name":"exec_module"},{"filename":"<frozen importlib._bootstrap>","lineno":488,"name":"_call_with_frames_removed"},{"filename":"/opt/airflow/dags/dag_file.py","lineno":4,"name":"<module>"}],"is_group":false,"exceptions":[]}]}
{"timestamp":"2026-05-15T13:17:40.913383Z","level":"error","event":"Error loading DAG from dag_file.py: No module named 'scripts'","logger":"airflow.dag_processing.dagbag.BundleDagBag","filename":"dagbag.py","lineno":327}
{"timestamp":"2026-05-15T13:18:11.357713Z","level":"info","event":"Filling up the DagBag from /opt/airflow/dags/dag_file.py","logger":"airflow.dag_processing.dagbag.BundleDagBag","filename":"dagbag.py","lineno":469}
{"timestamp":"2026-05-15T13:18:11.375022Z","level":"error","event":"Failed to import: /opt/airflow/dags/dag_file.py","logger":"airflow.dag_processing.importers.python_importer","filename":"python_importer.py","lineno":244,"error_detail":[{"exc_type":"ModuleNotFoundError","exc_value":"No module named 'scripts'","exc_notes":[],"syntax_error":null,"is_cause":false,"frames":[{"filename":"/home/airflow/.local/lib/python3.13/site-packages/airflow/dag_processing/importers/python_importer.py","lineno":238,"name":"parse"},{"filename":"<frozen importlib._bootstrap_external>","lineno":1023,"name":"exec_module"},{"filename":"<frozen importlib._bootstrap>","lineno":488,"name":"_call_with_frames_removed"},{"filename":"/opt/airflow/dags/dag_file.py","lineno":4,"name":"<module>"}],"is_group":false,"exceptions":[]}]}
{"timestamp":"2026-05-15T13:18:11.380625Z","level":"error","event":"Error loading DAG from dag_file.py: No module named 'scripts'","logger":"airflow.dag_processing.dagbag.BundleDagBag","filename":"dagbag.py","lineno":327}
{"timestamp":"2026-05-15T13:18:41.784452Z","level":"info","event":"Filling up the DagBag from /opt/airflow/dags/dag_file.py","logger":"airflow.dag_processing.dagbag.BundleDagBag","filename":"dagbag.py","lineno":469}
{"timestamp":"2026-05-15T13:18:41.814139Z","level":"error","event":"Failed to import: /opt/airflow/dags/dag_file.py","logger":"airflow.dag_processing.importers.python_importer","filename":"python_importer.py","lineno":244,"error_detail":[{"exc_type":"ModuleNotFoundError","exc_value":"No module named 'scripts'","exc_notes":[],"syntax_error":null,"is_cause":false,"frames":[{"filename":"/home/airflow/.local/lib/python3.13/site-packages/airflow/dag_processing/importers/python_importer.py","lineno":238,"name":"parse"},{"filename":"<frozen importlib._bootstrap_external>","lineno":1023,"name":"exec_module"},{"filename":"<frozen importlib._bootstrap>","lineno":488,"name":"_call_with_frames_removed"},{"filename":"/opt/airflow/dags/dag_file.py","lineno":4,"name":"<module>"}],"is_group":false,"exceptions":[]}]}
{"timestamp":"2026-05-15T13:18:41.822320Z","level":"error","event":"Error loading DAG from dag_file.py: No module named 'scripts'","logger":"airflow.dag_processing.dagbag.BundleDagBag","filename":"dagbag.py","lineno":327}
{"timestamp":"2026-05-15T13:19:12.271164Z","level":"info","event":"Filling up the DagBag from /opt/airflow/dags/dag_file.py","logger":"airflow.dag_processing.dagbag.BundleDagBag","filename":"dagbag.py","lineno":469}
{"timestamp":"2026-05-15T13:19:12.286254Z","level":"error","event":"Failed to import: /opt/airflow/dags/dag_file.py","logger":"airflow.dag_processing.importers.python_importer","filename":"python_importer.py","lineno":244,"error_detail":[{"exc_type":"ModuleNotFoundError","exc_value":"No module named 'scripts'","exc_notes":[],"syntax_error":null,"is_cause":false,"frames":[{"filename":"/home/airflow/.local/lib/python3.13/site-packages/airflow/dag_processing/importers/python_importer.py","lineno":238,"name":"parse"},{"filename":"<frozen importlib._bootstrap_external>","lineno":1023,"name":"exec_module"},{"filename":"<frozen importlib._bootstrap>","lineno":488,"name":"_call_with_frames_removed"},{"filename":"/opt/airflow/dags/dag_file.py","lineno":4,"name":"<module>"}],"is_group":false,"exceptions":[]}]}
{"timestamp":"2026-05-15T13:19:12.290542Z","level":"error","event":"Error loading DAG from dag_file.py: No module named 'scripts'","logger":"airflow.dag_processing.dagbag.BundleDagBag","filename":"dagbag.py","lineno":327}
{"timestamp":"2026-05-15T13:19:42.689104Z","level":"info","event":"Filling up the DagBag from /opt/airflow/dags/dag_file.py","logger":"airflow.dag_processing.dagbag.BundleDagBag","filename":"dagbag.py","lineno":469}
{"timestamp":"2026-05-15T13:19:42.705642Z","level":"error","event":"Failed to import: /opt/airflow/dags/dag_file.py","logger":"airflow.dag_processing.importers.python_importer","filename":"python_importer.py","lineno":244,"error_detail":[{"exc_type":"ModuleNotFoundError","exc_value":"No module named 'scripts'","exc_notes":[],"syntax_error":null,"is_cause":false,"frames":[{"filename":"/home/airflow/.local/lib/python3.13/site-packages/airflow/dag_processing/importers/python_importer.py","lineno":238,"name":"parse"},{"filename":"<frozen importlib._bootstrap_external>","lineno":1023,"name":"exec_module"},{"filename":"<frozen importlib._bootstrap>","lineno":488,"name":"_call_with_frames_removed"},{"filename":"/opt/airflow/dags/dag_file.py","lineno":4,"name":"<module>"}],"is_group":false,"exceptions":[]}]}
{"timestamp":"2026-05-15T13:19:42.711845Z","level":"error","event":"Error loading DAG from dag_file.py: No module named 'scripts'","logger":"airflow.dag_processing.dagbag.BundleDagBag","filename":"dagbag.py","lineno":327}
{"timestamp":"2026-05-15T13:19:52.942589Z","level":"info","event":"Filling up the DagBag from /opt/airflow/dags/dag_file.py","logger":"airflow.dag_processing.dagbag.BundleDagBag","filename":"dagbag.py","lineno":469}
{"timestamp":"2026-05-15T13:19:52.973999Z","level":"error","event":"Failed to import: /opt/airflow/dags/dag_file.py","logger":"airflow.dag_processing.importers.python_importer","filename":"python_importer.py","lineno":244,"error_detail":[{"exc_type":"ModuleNotFoundError","exc_value":"No module named 'scripts'","exc_notes":[],"syntax_error":null,"is_cause":false,"frames":[{"filename":"/home/airflow/.local/lib/python3.13/site-packages/airflow/dag_processing/importers/python_importer.py","lineno":238,"name":"parse"},{"filename":"<frozen importlib._bootstrap_external>","lineno":1023,"name":"exec_module"},{"filename":"<frozen importlib._bootstrap>","lineno":488,"name":"_call_with_frames_removed"},{"filename":"/opt/airflow/dags/dag_file.py","lineno":4,"name":"<module>"}],"is_group":false,"exceptions":[]}]}
{"timestamp":"2026-05-15T13:19:52.979696Z","level":"error","event":"Error loading DAG from dag_file.py: No module named 'scripts'","logger":"airflow.dag_processing.dagbag.BundleDagBag","filename":"dagbag.py","lineno":327}
{"timestamp":"2026-05-15T13:20:23.355790Z","level":"info","event":"Filling up the DagBag from /opt/airflow/dags/dag_file.py","logger":"airflow.dag_processing.dagbag.BundleDagBag","filename":"dagbag.py","lineno":469}
{"timestamp":"2026-05-15T13:20:23.374066Z","level":"error","event":"Failed to import: /opt/airflow/dags/dag_file.py","logger":"airflow.dag_processing.importers.python_importer","filename":"python_importer.py","lineno":244,"error_detail":[{"exc_type":"ModuleNotFoundError","exc_value":"No module named 'scripts'","exc_notes":[],"syntax_error":null,"is_cause":false,"frames":[{"filename":"/home/airflow/.local/lib/python3.13/site-packages/airflow/dag_processing/importers/python_importer.py","lineno":238,"name":"parse"},{"filename":"<frozen importlib._bootstrap_external>","lineno":1023,"name":"exec_module"},{"filename":"<frozen importlib._bootstrap>","lineno":488,"name":"_call_with_frames_removed"},{"filename":"/opt/airflow/dags/dag_file.py","lineno":4,"name":"<module>"}],"is_group":false,"exceptions":[]}]}
{"timestamp":"2026-05-15T13:20:23.378725Z","level":"error","event":"Error loading DAG from dag_file.py: No module named 'scripts'","logger":"airflow.dag_processing.dagbag.BundleDagBag","filename":"dagbag.py","lineno":327}
{"timestamp":"2026-05-15T13:20:53.837109Z","level":"info","event":"Filling up the DagBag from /opt/airflow/dags/dag_file.py","logger":"airflow.dag_processing.dagbag.BundleDagBag","filename":"dagbag.py","lineno":469}
{"timestamp":"2026-05-15T13:20:53.881359Z","level":"error","event":"Failed to import: /opt/airflow/dags/dag_file.py","logger":"airflow.dag_processing.importers.python_importer","filename":"python_importer.py","lineno":244,"error_detail":[{"exc_type":"ModuleNotFoundError","exc_value":"No module named 'scripts'","exc_notes":[],"syntax_error":null,"is_cause":false,"frames":[{"filename":"/home/airflow/.local/lib/python3.13/site-packages/airflow/dag_processing/importers/python_importer.py","lineno":238,"name":"parse"},{"filename":"<frozen importlib._bootstrap_external>","lineno":1023,"name":"exec_module"},{"filename":"<frozen importlib._bootstrap>","lineno":488,"name":"_call_with_frames_removed"},{"filename":"/opt/airflow/dags/dag_file.py","lineno":4,"name":"<module>"}],"is_group":false,"exceptions":[]}]}
{"timestamp":"2026-05-15T13:20:53.891994Z","level":"error","event":"Error loading DAG from dag_file.py: No module named 'scripts'","logger":"airflow.dag_processing.dagbag.BundleDagBag","filename":"dagbag.py","lineno":327}
{"timestamp":"2026-05-15T13:21:24.370674Z","level":"info","event":"Filling up the DagBag from /opt/airflow/dags/dag_file.py","logger":"airflow.dag_processing.dagbag.BundleDagBag","filename":"dagbag.py","lineno":469}
{"timestamp":"2026-05-15T13:21:24.406099Z","level":"error","event":"Failed to import: /opt/airflow/dags/dag_file.py","logger":"airflow.dag_processing.importers.python_importer","filename":"python_importer.py","lineno":244,"error_detail":[{"exc_type":"ModuleNotFoundError","exc_value":"No module named 'scripts'","exc_notes":[],"syntax_error":null,"is_cause":false,"frames":[{"filename":"/home/airflow/.local/lib/python3.13/site-packages/airflow/dag_processing/importers/python_importer.py","lineno":238,"name":"parse"},{"filename":"<frozen importlib._bootstrap_external>","lineno":1023,"name":"exec_module"},{"filename":"<frozen importlib._bootstrap>","lineno":488,"name":"_call_with_frames_removed"},{"filename":"/opt/airflow/dags/dag_file.py","lineno":4,"name":"<module>"}],"is_group":false,"exceptions":[]}]}
{"timestamp":"2026-05-15T13:21:24.421050Z","level":"error","event":"Error loading DAG from dag_file.py: No module named 'scripts'","logger":"airflow.dag_processing.dagbag.BundleDagBag","filename":"dagbag.py","lineno":327}
{"timestamp":"2026-05-15T13:21:54.942167Z","level":"info","event":"Filling up the DagBag from /opt/airflow/dags/dag_file.py","logger":"airflow.dag_processing.dagbag.BundleDagBag","filename":"dagbag.py","lineno":469}
{"timestamp":"2026-05-15T13:21:54.992839Z","level":"error","event":"Failed to import: /opt/airflow/dags/dag_file.py","logger":"airflow.dag_processing.importers.python_importer","filename":"python_importer.py","lineno":244,"error_detail":[{"exc_type":"ModuleNotFoundError","exc_value":"No module named 'scripts'","exc_notes":[],"syntax_error":null,"is_cause":false,"frames":[{"filename":"/home/airflow/.local/lib/python3.13/site-packages/airflow/dag_processing/importers/python_importer.py","lineno":238,"name":"parse"},{"filename":"<frozen importlib._bootstrap_external>","lineno":1023,"name":"exec_module"},{"filename":"<frozen importlib._bootstrap>","lineno":488,"name":"_call_with_frames_removed"},{"filename":"/opt/airflow/dags/dag_file.py","lineno":4,"name":"<module>"}],"is_group":false,"exceptions":[]}]}
{"timestamp":"2026-05-15T13:21:55.005564Z","level":"error","event":"Error loading DAG from dag_file.py: No module named 'scripts'","logger":"airflow.dag_processing.dagbag.BundleDagBag","filename":"dagbag.py","lineno":327}
{"timestamp":"2026-05-15T13:22:25.509575Z","level":"info","event":"Filling up the DagBag from /opt/airflow/dags/dag_file.py","logger":"airflow.dag_processing.dagbag.BundleDagBag","filename":"dagbag.py","lineno":469}
{"timestamp":"2026-05-15T13:22:25.524796Z","level":"error","event":"Failed to import: /opt/airflow/dags/dag_file.py","logger":"airflow.dag_processing.importers.python_importer","filename":"python_importer.py","lineno":244,"error_detail":[{"exc_type":"ModuleNotFoundError","exc_value":"No module named 'scripts'","exc_notes":[],"syntax_error":null,"is_cause":false,"frames":[{"filename":"/home/airflow/.local/lib/python3.13/site-packages/airflow/dag_processing/importers/python_importer.py","lineno":238,"name":"parse"},{"filename":"<frozen importlib._bootstrap_external>","lineno":1023,"name":"exec_module"},{"filename":"<frozen importlib._bootstrap>","lineno":488,"name":"_call_with_frames_removed"},{"filename":"/opt/airflow/dags/dag_file.py","lineno":4,"name":"<module>"}],"is_group":false,"exceptions":[]}]}
{"timestamp":"2026-05-15T13:22:25.529584Z","level":"error","event":"Error loading DAG from dag_file.py: No module named 'scripts'","logger":"airflow.dag_processing.dagbag.BundleDagBag","filename":"dagbag.py","lineno":327}
{"timestamp":"2026-05-15T13:22:55.904311Z","level":"info","event":"Filling up the DagBag from /opt/airflow/dags/dag_file.py","logger":"airflow.dag_processing.dagbag.BundleDagBag","filename":"dagbag.py","lineno":469}
{"timestamp":"2026-05-15T13:22:55.929680Z","level":"error","event":"Failed to import: /opt/airflow/dags/dag_file.py","logger":"airflow.dag_processing.importers.python_importer","filename":"python_importer.py","lineno":244,"error_detail":[{"exc_type":"ModuleNotFoundError","exc_value":"No module named 'scripts'","exc_notes":[],"syntax_error":null,"is_cause":false,"frames":[{"filename":"/home/airflow/.local/lib/python3.13/site-packages/airflow/dag_processing/importers/python_importer.py","lineno":238,"name":"parse"},{"filename":"<frozen importlib._bootstrap_external>","lineno":1023,"name":"exec_module"},{"filename":"<frozen importlib._bootstrap>","lineno":488,"name":"_call_with_frames_removed"},{"filename":"/opt/airflow/dags/dag_file.py","lineno":4,"name":"<module>"}],"is_group":false,"exceptions":[]}]}
{"timestamp":"2026-05-15T13:22:55.938892Z","level":"error","event":"Error loading DAG from dag_file.py: No module named 'scripts'","logger":"airflow.dag_processing.dagbag.BundleDagBag","filename":"dagbag.py","lineno":327}
{"timestamp":"2026-05-15T13:23:07.163336Z","level":"info","event":"Filling up the DagBag from /opt/airflow/dags/dag_file.py","logger":"airflow.dag_processing.dagbag.BundleDagBag","filename":"dagbag.py","lineno":469}
{"timestamp":"2026-05-15T13:23:15.188089Z","level":"info","event":"Filling up the DagBag from /opt/airflow/dags/dag_file.py","logger":"airflow.dag_processing.dagbag.BundleDagBag","filename":"dagbag.py","lineno":469}
{"timestamp":"2026-05-15T13:23:34.979551Z","level":"info","event":"Filling up the DagBag from /opt/airflow/dags/dag_file.py","logger":"airflow.dag_processing.dagbag.BundleDagBag","filename":"dagbag.py","lineno":469}
{"timestamp":"2026-05-15T13:24:06.115396Z","level":"info","event":"Filling up the DagBag from /opt/airflow/dags/dag_file.py","logger":"airflow.dag_processing.dagbag.BundleDagBag","filename":"dagbag.py","lineno":469}
{"timestamp":"2026-05-15T13:24:37.048643Z","level":"info","event":"Filling up the DagBag from /opt/airflow/dags/dag_file.py","logger":"airflow.dag_processing.dagbag.BundleDagBag","filename":"dagbag.py","lineno":469}
{"timestamp":"2026-05-15T13:25:08.022979Z","level":"info","event":"Filling up the DagBag from /opt/airflow/dags/dag_file.py","logger":"airflow.dag_processing.dagbag.BundleDagBag","filename":"dagbag.py","lineno":469}
{"timestamp":"2026-05-15T13:25:38.979178Z","level":"info","event":"Filling up the DagBag from /opt/airflow/dags/dag_file.py","logger":"airflow.dag_processing.dagbag.BundleDagBag","filename":"dagbag.py","lineno":469}
{"timestamp":"2026-05-15T13:26:09.849877Z","level":"info","event":"Filling up the DagBag from /opt/airflow/dags/dag_file.py","logger":"airflow.dag_processing.dagbag.BundleDagBag","filename":"dagbag.py","lineno":469}
{"timestamp":"2026-05-15T13:26:40.650410Z","level":"info","event":"Filling up the DagBag from /opt/airflow/dags/dag_file.py","logger":"airflow.dag_processing.dagbag.BundleDagBag","filename":"dagbag.py","lineno":469}
{"timestamp":"2026-05-15T13:27:11.581060Z","level":"info","event":"Filling up the DagBag from /opt/airflow/dags/dag_file.py","logger":"airflow.dag_processing.dagbag.BundleDagBag","filename":"dagbag.py","lineno":469}
{"timestamp":"2026-05-15T13:27:42.542189Z","level":"info","event":"Filling up the DagBag from /opt/airflow/dags/dag_file.py","logger":"airflow.dag_processing.dagbag.BundleDagBag","filename":"dagbag.py","lineno":469}
{"timestamp":"2026-05-15T13:28:13.595383Z","level":"info","event":"Filling up the DagBag from /opt/airflow/dags/dag_file.py","logger":"airflow.dag_processing.dagbag.BundleDagBag","filename":"dagbag.py","lineno":469}
{"timestamp":"2026-05-15T13:28:44.528694Z","level":"info","event":"Filling up the DagBag from /opt/airflow/dags/dag_file.py","logger":"airflow.dag_processing.dagbag.BundleDagBag","filename":"dagbag.py","lineno":469}
{"timestamp":"2026-05-15T13:29:15.362738Z","level":"info","event":"Filling up the DagBag from /opt/airflow/dags/dag_file.py","logger":"airflow.dag_processing.dagbag.BundleDagBag","filename":"dagbag.py","lineno":469}
{"timestamp":"2026-05-15T13:29:46.255234Z","level":"info","event":"Filling up the DagBag from /opt/airflow/dags/dag_file.py","logger":"airflow.dag_processing.dagbag.BundleDagBag","filename":"dagbag.py","lineno":469}
{"timestamp":"2026-05-15T13:30:17.096022Z","level":"info","event":"Filling up the DagBag from /opt/airflow/dags/dag_file.py","logger":"airflow.dag_processing.dagbag.BundleDagBag","filename":"dagbag.py","lineno":469}
{"timestamp":"2026-05-15T13:30:47.953019Z","level":"info","event":"Filling up the DagBag from /opt/airflow/dags/dag_file.py","logger":"airflow.dag_processing.dagbag.BundleDagBag","filename":"dagbag.py","lineno":469}
{"timestamp":"2026-05-15T13:31:18.817182Z","level":"info","event":"Filling up the DagBag from /opt/airflow/dags/dag_file.py","logger":"airflow.dag_processing.dagbag.BundleDagBag","filename":"dagbag.py","lineno":469}
{"timestamp":"2026-05-15T13:31:49.671045Z","level":"info","event":"Filling up the DagBag from /opt/airflow/dags/dag_file.py","logger":"airflow.dag_processing.dagbag.BundleDagBag","filename":"dagbag.py","lineno":469}
{"timestamp":"2026-05-15T13:32:20.500401Z","level":"info","event":"Filling up the DagBag from /opt/airflow/dags/dag_file.py","logger":"airflow.dag_processing.dagbag.BundleDagBag","filename":"dagbag.py","lineno":469}
{"timestamp":"2026-05-15T13:32:51.346497Z","level":"info","event":"Filling up the DagBag from /opt/airflow/dags/dag_file.py","logger":"airflow.dag_processing.dagbag.BundleDagBag","filename":"dagbag.py","lineno":469}
{"timestamp":"2026-05-15T13:33:22.168297Z","level":"info","event":"Filling up the DagBag from /opt/airflow/dags/dag_file.py","logger":"airflow.dag_processing.dagbag.BundleDagBag","filename":"dagbag.py","lineno":469}
{"timestamp":"2026-05-15T13:33:53.051073Z","level":"info","event":"Filling up the DagBag from /opt/airflow/dags/dag_file.py","logger":"airflow.dag_processing.dagbag.BundleDagBag","filename":"dagbag.py","lineno":469}
{"timestamp":"2026-05-15T13:34:23.891003Z","level":"info","event":"Filling up the DagBag from /opt/airflow/dags/dag_file.py","logger":"airflow.dag_processing.dagbag.BundleDagBag","filename":"dagbag.py","lineno":469}
{"timestamp":"2026-05-15T13:34:54.845542Z","level":"info","event":"Filling up the DagBag from /opt/airflow/dags/dag_file.py","logger":"airflow.dag_processing.dagbag.BundleDagBag","filename":"dagbag.py","lineno":469}
{"timestamp":"2026-05-15T13:35:25.675933Z","level":"info","event":"Filling up the DagBag from /opt/airflow/dags/dag_file.py","logger":"airflow.dag_processing.dagbag.BundleDagBag","filename":"dagbag.py","lineno":469}
{"timestamp":"2026-05-15T13:35:56.534941Z","level":"info","event":"Filling up the DagBag from /opt/airflow/dags/dag_file.py","logger":"airflow.dag_processing.dagbag.BundleDagBag","filename":"dagbag.py","lineno":469}
{"timestamp":"2026-05-15T13:36:27.373667Z","level":"info","event":"Filling up the DagBag from /opt/airflow/dags/dag_file.py","logger":"airflow.dag_processing.dagbag.BundleDagBag","filename":"dagbag.py","lineno":469}
{"timestamp":"2026-05-15T13:36:58.193300Z","level":"info","event":"Filling up the DagBag from /opt/airflow/dags/dag_file.py","logger":"airflow.dag_processing.dagbag.BundleDagBag","filename":"dagbag.py","lineno":469}
{"timestamp":"2026-05-15T13:37:29.036138Z","level":"info","event":"Filling up the DagBag from /opt/airflow/dags/dag_file.py","logger":"airflow.dag_processing.dagbag.BundleDagBag","filename":"dagbag.py","lineno":469}
{"timestamp":"2026-05-15T13:37:59.840297Z","level":"info","event":"Filling up the DagBag from /opt/airflow/dags/dag_file.py","logger":"airflow.dag_processing.dagbag.BundleDagBag","filename":"dagbag.py","lineno":469}
{"timestamp":"2026-05-15T13:38:30.698398Z","level":"info","event":"Filling up the DagBag from /opt/airflow/dags/dag_file.py","logger":"airflow.dag_processing.dagbag.BundleDagBag","filename":"dagbag.py","lineno":469}
{"timestamp":"2026-05-15T13:39:01.526111Z","level":"info","event":"Filling up the DagBag from /opt/airflow/dags/dag_file.py","logger":"airflow.dag_processing.dagbag.BundleDagBag","filename":"dagbag.py","lineno":469}
{"timestamp":"2026-05-15T13:39:32.387054Z","level":"info","event":"Filling up the DagBag from /opt/airflow/dags/dag_file.py","logger":"airflow.dag_processing.dagbag.BundleDagBag","filename":"dagbag.py","lineno":469}
{"timestamp":"2026-05-15T13:40:03.284838Z","level":"info","event":"Filling up the DagBag from /opt/airflow/dags/dag_file.py","logger":"airflow.dag_processing.dagbag.BundleDagBag","filename":"dagbag.py","lineno":469}
{"timestamp":"2026-05-15T13:40:34.188461Z","level":"info","event":"Filling up the DagBag from /opt/airflow/dags/dag_file.py","logger":"airflow.dag_processing.dagbag.BundleDagBag","filename":"dagbag.py","lineno":469}
{"timestamp":"2026-05-15T13:41:05.138338Z","level":"info","event":"Filling up the DagBag from /opt/airflow/dags/dag_file.py","logger":"airflow.dag_processing.dagbag.BundleDagBag","filename":"dagbag.py","lineno":469}
{"timestamp":"2026-05-15T13:41:36.046882Z","level":"info","event":"Filling up the DagBag from /opt/airflow/dags/dag_file.py","logger":"airflow.dag_processing.dagbag.BundleDagBag","filename":"dagbag.py","lineno":469}
{"timestamp":"2026-05-15T13:42:06.950847Z","level":"info","event":"Filling up the DagBag from /opt/airflow/dags/dag_file.py","logger":"airflow.dag_processing.dagbag.BundleDagBag","filename":"dagbag.py","lineno":469}
{"timestamp":"2026-05-15T13:42:37.829226Z","level":"info","event":"Filling up the DagBag from /opt/airflow/dags/dag_file.py","logger":"airflow.dag_processing.dagbag.BundleDagBag","filename":"dagbag.py","lineno":469}
{"timestamp":"2026-05-15T13:43:08.696520Z","level":"info","event":"Filling up the DagBag from /opt/airflow/dags/dag_file.py","logger":"airflow.dag_processing.dagbag.BundleDagBag","filename":"dagbag.py","lineno":469}
{"timestamp":"2026-05-15T13:43:39.577016Z","level":"info","event":"Filling up the DagBag from /opt/airflow/dags/dag_file.py","logger":"airflow.dag_processing.dagbag.BundleDagBag","filename":"dagbag.py","lineno":469}
{"timestamp":"2026-05-15T13:44:10.424027Z","level":"info","event":"Filling up the DagBag from /opt/airflow/dags/dag_file.py","logger":"airflow.dag_processing.dagbag.BundleDagBag","filename":"dagbag.py","lineno":469}
{"timestamp":"2026-05-15T13:44:41.291261Z","level":"info","event":"Filling up the DagBag from /opt/airflow/dags/dag_file.py","logger":"airflow.dag_processing.dagbag.BundleDagBag","filename":"dagbag.py","lineno":469}
{"timestamp":"2026-05-15T13:45:12.132637Z","level":"info","event":"Filling up the DagBag from /opt/airflow/dags/dag_file.py","logger":"airflow.dag_processing.dagbag.BundleDagBag","filename":"dagbag.py","lineno":469}
{"timestamp":"2026-05-15T13:45:43.067879Z","level":"info","event":"Filling up the DagBag from /opt/airflow/dags/dag_file.py","logger":"airflow.dag_processing.dagbag.BundleDagBag","filename":"dagbag.py","lineno":469}
{"timestamp":"2026-05-15T13:46:13.979528Z","level":"info","event":"Filling up the DagBag from /opt/airflow/dags/dag_file.py","logger":"airflow.dag_processing.dagbag.BundleDagBag","filename":"dagbag.py","lineno":469}
{"timestamp":"2026-05-15T13:46:44.865427Z","level":"info","event":"Filling up the DagBag from /opt/airflow/dags/dag_file.py","logger":"airflow.dag_processing.dagbag.BundleDagBag","filename":"dagbag.py","lineno":469}
{"timestamp":"2026-05-15T13:47:15.742378Z","level":"info","event":"Filling up the DagBag from /opt/airflow/dags/dag_file.py","logger":"airflow.dag_processing.dagbag.BundleDagBag","filename":"dagbag.py","lineno":469}
{"timestamp":"2026-05-15T13:47:46.617740Z","level":"info","event":"Filling up the DagBag from /opt/airflow/dags/dag_file.py","logger":"airflow.dag_processing.dagbag.BundleDagBag","filename":"dagbag.py","lineno":469}
{"timestamp":"2026-05-15T13:48:17.501016Z","level":"info","event":"Filling up the DagBag from /opt/airflow/dags/dag_file.py","logger":"airflow.dag_processing.dagbag.BundleDagBag","filename":"dagbag.py","lineno":469}
{"timestamp":"2026-05-15T13:48:48.342280Z","level":"info","event":"Filling up the DagBag from /opt/airflow/dags/dag_file.py","logger":"airflow.dag_processing.dagbag.BundleDagBag","filename":"dagbag.py","lineno":469}
{"timestamp":"2026-05-15T13:49:19.234177Z","level":"info","event":"Filling up the DagBag from /opt/airflow/dags/dag_file.py","logger":"airflow.dag_processing.dagbag.BundleDagBag","filename":"dagbag.py","lineno":469}
{"timestamp":"2026-05-15T13:49:50.071027Z","level":"info","event":"Filling up the DagBag from /opt/airflow/dags/dag_file.py","logger":"airflow.dag_processing.dagbag.BundleDagBag","filename":"dagbag.py","lineno":469}
{"timestamp":"2026-05-15T13:50:20.978682Z","level":"info","event":"Filling up the DagBag from /opt/airflow/dags/dag_file.py","logger":"airflow.dag_processing.dagbag.BundleDagBag","filename":"dagbag.py","lineno":469}
{"timestamp":"2026-05-15T13:50:52.088751Z","level":"info","event":"Filling up the DagBag from /opt/airflow/dags/dag_file.py","logger":"airflow.dag_processing.dagbag.BundleDagBag","filename":"dagbag.py","lineno":469}
{"timestamp":"2026-05-15T13:51:23.117457Z","level":"info","event":"Filling up the DagBag from /opt/airflow/dags/dag_file.py","logger":"airflow.dag_processing.dagbag.BundleDagBag","filename":"dagbag.py","lineno":469}
{"timestamp":"2026-05-15T13:51:53.958543Z","level":"info","event":"Filling up the DagBag from /opt/airflow/dags/dag_file.py","logger":"airflow.dag_processing.dagbag.BundleDagBag","filename":"dagbag.py","lineno":469}
{"timestamp":"2026-05-15T13:51:54.463010Z","level":"info","event":"   OBJECTID      HSISID  ... SHAPE      PERMITID","logger":"task.stdout"}
{"timestamp":"2026-05-15T13:51:54.463679Z","level":"info","event":"0         1  4092010018  ...   NaN  Not Provided","logger":"task.stdout"}
{"timestamp":"2026-05-15T13:51:54.464181Z","level":"info","event":"1         2  4092010037  ...   NaN  Not Provided","logger":"task.stdout"}
{"timestamp":"2026-05-15T13:51:54.464614Z","level":"info","event":"2         3  4092010065  ...   NaN  Not Provided","logger":"task.stdout"}
{"timestamp":"2026-05-15T13:51:54.465170Z","level":"info","event":"3         4  4092010069  ...   NaN  Not Provided","logger":"task.stdout"}
{"timestamp":"2026-05-15T13:51:54.465603Z","level":"info","event":"4         5  4092010070  ...   NaN  Not Provided","logger":"task.stdout"}
{"timestamp":"2026-05-15T13:51:54.466101Z","level":"info","event":"","logger":"task.stdout"}
{"timestamp":"2026-05-15T13:51:54.466530Z","level":"info","event":"[5 rows x 16 columns]","logger":"task.stdout"}
{"timestamp":"2026-05-15T13:51:54.474411Z","level":"info","event":"None","logger":"task.stdout"}
{"timestamp":"2026-05-15T13:52:24.865964Z","level":"info","event":"Filling up the DagBag from /opt/airflow/dags/dag_file.py","logger":"airflow.dag_processing.dagbag.BundleDagBag","filename":"dagbag.py","lineno":469}
{"timestamp":"2026-05-15T13:52:55.756011Z","level":"info","event":"Filling up the DagBag from /opt/airflow/dags/dag_file.py","logger":"airflow.dag_processing.dagbag.BundleDagBag","filename":"dagbag.py","lineno":469}
{"timestamp":"2026-05-15T13:53:26.555464Z","level":"info","event":"Filling up the DagBag from /opt/airflow/dags/dag_file.py","logger":"airflow.dag_processing.dagbag.BundleDagBag","filename":"dagbag.py","lineno":469}
{"timestamp":"2026-05-15T13:53:57.394121Z","level":"info","event":"Filling up the DagBag from /opt/airflow/dags/dag_file.py","logger":"airflow.dag_processing.dagbag.BundleDagBag","filename":"dagbag.py","lineno":469}
{"timestamp":"2026-05-15T13:54:28.228062Z","level":"info","event":"Filling up the DagBag from /opt/airflow/dags/dag_file.py","logger":"airflow.dag_processing.dagbag.BundleDagBag","filename":"dagbag.py","lineno":469}
{"timestamp":"2026-05-15T13:54:59.083920Z","level":"info","event":"Filling up the DagBag from /opt/airflow/dags/dag_file.py","logger":"airflow.dag_processing.dagbag.BundleDagBag","filename":"dagbag.py","lineno":469}
{"timestamp":"2026-05-15T13:55:29.949150Z","level":"info","event":"Filling up the DagBag from /opt/airflow/dags/dag_file.py","logger":"airflow.dag_processing.dagbag.BundleDagBag","filename":"dagbag.py","lineno":469}
{"timestamp":"2026-05-15T13:56:00.780136Z","level":"info","event":"Filling up the DagBag from /opt/airflow/dags/dag_file.py","logger":"airflow.dag_processing.dagbag.BundleDagBag","filename":"dagbag.py","lineno":469}
{"timestamp":"2026-05-15T13:56:31.634279Z","level":"info","event":"Filling up the DagBag from /opt/airflow/dags/dag_file.py","logger":"airflow.dag_processing.dagbag.BundleDagBag","filename":"dagbag.py","lineno":469}
{"timestamp":"2026-05-15T13:57:02.436399Z","level":"info","event":"Filling up the DagBag from /opt/airflow/dags/dag_file.py","logger":"airflow.dag_processing.dagbag.BundleDagBag","filename":"dagbag.py","lineno":469}
{"timestamp":"2026-05-15T13:57:33.359559Z","level":"info","event":"Filling up the DagBag from /opt/airflow/dags/dag_file.py","logger":"airflow.dag_processing.dagbag.BundleDagBag","filename":"dagbag.py","lineno":469}
{"timestamp":"2026-05-15T13:58:04.250567Z","level":"info","event":"Filling up the DagBag from /opt/airflow/dags/dag_file.py","logger":"airflow.dag_processing.dagbag.BundleDagBag","filename":"dagbag.py","lineno":469}
{"timestamp":"2026-05-15T13:58:35.167484Z","level":"info","event":"Filling up the DagBag from /opt/airflow/dags/dag_file.py","logger":"airflow.dag_processing.dagbag.BundleDagBag","filename":"dagbag.py","lineno":469}
{"timestamp":"2026-05-15T13:59:06.094159Z","level":"info","event":"Filling up the DagBag from /opt/airflow/dags/dag_file.py","logger":"airflow.dag_processing.dagbag.BundleDagBag","filename":"dagbag.py","lineno":469}
{"timestamp":"2026-05-15T13:59:37.040926Z","level":"info","event":"Filling up the DagBag from /opt/airflow/dags/dag_file.py","logger":"airflow.dag_processing.dagbag.BundleDagBag","filename":"dagbag.py","lineno":469}
{"timestamp":"2026-05-15T14:00:07.894961Z","level":"info","event":"Filling up the DagBag from /opt/airflow/dags/dag_file.py","logger":"airflow.dag_processing.dagbag.BundleDagBag","filename":"dagbag.py","lineno":469}
{"timestamp":"2026-05-15T14:00:38.729161Z","level":"info","event":"Filling up the DagBag from /opt/airflow/dags/dag_file.py","logger":"airflow.dag_processing.dagbag.BundleDagBag","filename":"dagbag.py","lineno":469}
{"timestamp":"2026-05-15T14:01:09.604748Z","level":"info","event":"Filling up the DagBag from /opt/airflow/dags/dag_file.py","logger":"airflow.dag_processing.dagbag.BundleDagBag","filename":"dagbag.py","lineno":469}
{"timestamp":"2026-05-15T14:01:40.422143Z","level":"info","event":"Filling up the DagBag from /opt/airflow/dags/dag_file.py","logger":"airflow.dag_processing.dagbag.BundleDagBag","filename":"dagbag.py","lineno":469}
{"timestamp":"2026-05-15T14:02:11.212827Z","level":"info","event":"Filling up the DagBag from /opt/airflow/dags/dag_file.py","logger":"airflow.dag_processing.dagbag.BundleDagBag","filename":"dagbag.py","lineno":469}
{"timestamp":"2026-05-15T14:02:42.007182Z","level":"info","event":"Filling up the DagBag from /opt/airflow/dags/dag_file.py","logger":"airflow.dag_processing.dagbag.BundleDagBag","filename":"dagbag.py","lineno":469}
{"timestamp":"2026-05-15T14:03:12.822397Z","level":"info","event":"Filling up the DagBag from /opt/airflow/dags/dag_file.py","logger":"airflow.dag_processing.dagbag.BundleDagBag","filename":"dagbag.py","lineno":469}
{"timestamp":"2026-05-15T14:03:43.715145Z","level":"info","event":"Filling up the DagBag from /opt/airflow/dags/dag_file.py","logger":"airflow.dag_processing.dagbag.BundleDagBag","filename":"dagbag.py","lineno":469}
{"timestamp":"2026-05-15T14:04:14.588547Z","level":"info","event":"Filling up the DagBag from /opt/airflow/dags/dag_file.py","logger":"airflow.dag_processing.dagbag.BundleDagBag","filename":"dagbag.py","lineno":469}
{"timestamp":"2026-05-15T14:04:45.439406Z","level":"info","event":"Filling up the DagBag from /opt/airflow/dags/dag_file.py","logger":"airflow.dag_processing.dagbag.BundleDagBag","filename":"dagbag.py","lineno":469}
{"timestamp":"2026-05-15T14:05:16.273080Z","level":"info","event":"Filling up the DagBag from /opt/airflow/dags/dag_file.py","logger":"airflow.dag_processing.dagbag.BundleDagBag","filename":"dagbag.py","lineno":469}
{"timestamp":"2026-05-15T14:05:47.105869Z","level":"info","event":"Filling up the DagBag from /opt/airflow/dags/dag_file.py","logger":"airflow.dag_processing.dagbag.BundleDagBag","filename":"dagbag.py","lineno":469}
{"timestamp":"2026-05-15T14:06:18.010798Z","level":"info","event":"Filling up the DagBag from /opt/airflow/dags/dag_file.py","logger":"airflow.dag_processing.dagbag.BundleDagBag","filename":"dagbag.py","lineno":469}
{"timestamp":"2026-05-15T14:06:49.104631Z","level":"info","event":"Filling up the DagBag from /opt/airflow/dags/dag_file.py","logger":"airflow.dag_processing.dagbag.BundleDagBag","filename":"dagbag.py","lineno":469}
{"timestamp":"2026-05-15T14:07:20.304478Z","level":"info","event":"Filling up the DagBag from /opt/airflow/dags/dag_file.py","logger":"airflow.dag_processing.dagbag.BundleDagBag","filename":"dagbag.py","lineno":469}
{"timestamp":"2026-05-15T14:07:52.288647Z","level":"info","event":"Filling up the DagBag from /opt/airflow/dags/dag_file.py","logger":"airflow.dag_processing.dagbag.BundleDagBag","filename":"dagbag.py","lineno":469}
{"timestamp":"2026-05-15T14:08:24.873458Z","level":"info","event":"Filling up the DagBag from /opt/airflow/dags/dag_file.py","logger":"airflow.dag_processing.dagbag.BundleDagBag","filename":"dagbag.py","lineno":469}
{"timestamp":"2026-05-15T14:08:58.115327Z","level":"info","event":"Filling up the DagBag from /opt/airflow/dags/dag_file.py","logger":"airflow.dag_processing.dagbag.BundleDagBag","filename":"dagbag.py","lineno":469}
{"timestamp":"2026-05-15T14:09:29.635709Z","level":"info","event":"Filling up the DagBag from /opt/airflow/dags/dag_file.py","logger":"airflow.dag_processing.dagbag.BundleDagBag","filename":"dagbag.py","lineno":469}
{"timestamp":"2026-05-15T14:10:01.227726Z","level":"info","event":"Filling up the DagBag from /opt/airflow/dags/dag_file.py","logger":"airflow.dag_processing.dagbag.BundleDagBag","filename":"dagbag.py","lineno":469}
{"timestamp":"2026-05-15T14:10:33.335088Z","level":"info","event":"Filling up the DagBag from /opt/airflow/dags/dag_file.py","logger":"airflow.dag_processing.dagbag.BundleDagBag","filename":"dagbag.py","lineno":469}
{"timestamp":"2026-05-15T14:11:07.159422Z","level":"info","event":"Filling up the DagBag from /opt/airflow/dags/dag_file.py","logger":"airflow.dag_processing.dagbag.BundleDagBag","filename":"dagbag.py","lineno":469}
{"timestamp":"2026-05-15T14:11:38.805658Z","level":"info","event":"Filling up the DagBag from /opt/airflow/dags/dag_file.py","logger":"airflow.dag_processing.dagbag.BundleDagBag","filename":"dagbag.py","lineno":469}
{"timestamp":"2026-05-15T14:12:10.696077Z","level":"info","event":"Filling up the DagBag from /opt/airflow/dags/dag_file.py","logger":"airflow.dag_processing.dagbag.BundleDagBag","filename":"dagbag.py","lineno":469}
{"timestamp":"2026-05-15T14:12:42.462992Z","level":"info","event":"Filling up the DagBag from /opt/airflow/dags/dag_file.py","logger":"airflow.dag_processing.dagbag.BundleDagBag","filename":"dagbag.py","lineno":469}
{"timestamp":"2026-05-15T14:13:14.214667Z","level":"info","event":"Filling up the DagBag from /opt/airflow/dags/dag_file.py","logger":"airflow.dag_processing.dagbag.BundleDagBag","filename":"dagbag.py","lineno":469}
{"timestamp":"2026-05-15T14:13:45.701343Z","level":"info","event":"Filling up the DagBag from /opt/airflow/dags/dag_file.py","logger":"airflow.dag_processing.dagbag.BundleDagBag","filename":"dagbag.py","lineno":469}
{"timestamp":"2026-05-15T14:14:17.903794Z","level":"info","event":"Filling up the DagBag from /opt/airflow/dags/dag_file.py","logger":"airflow.dag_processing.dagbag.BundleDagBag","filename":"dagbag.py","lineno":469}
{"timestamp":"2026-05-15T14:14:49.861848Z","level":"info","event":"Filling up the DagBag from /opt/airflow/dags/dag_file.py","logger":"airflow.dag_processing.dagbag.BundleDagBag","filename":"dagbag.py","lineno":469}
{"timestamp":"2026-05-15T14:15:22.404868Z","level":"info","event":"Filling up the DagBag from /opt/airflow/dags/dag_file.py","logger":"airflow.dag_processing.dagbag.BundleDagBag","filename":"dagbag.py","lineno":469}
{"timestamp":"2026-05-15T14:15:56.641105Z","level":"info","event":"Filling up the DagBag from /opt/airflow/dags/dag_file.py","logger":"airflow.dag_processing.dagbag.BundleDagBag","filename":"dagbag.py","lineno":469}
{"timestamp":"2026-05-15T14:16:29.489711Z","level":"info","event":"Filling up the DagBag from /opt/airflow/dags/dag_file.py","logger":"airflow.dag_processing.dagbag.BundleDagBag","filename":"dagbag.py","lineno":469}
{"timestamp":"2026-05-15T14:17:02.179925Z","level":"info","event":"Filling up the DagBag from /opt/airflow/dags/dag_file.py","logger":"airflow.dag_processing.dagbag.BundleDagBag","filename":"dagbag.py","lineno":469}
{"timestamp":"2026-05-15T14:17:34.474273Z","level":"info","event":"Filling up the DagBag from /opt/airflow/dags/dag_file.py","logger":"airflow.dag_processing.dagbag.BundleDagBag","filename":"dagbag.py","lineno":469}
{"timestamp":"2026-05-15T14:18:06.781807Z","level":"info","event":"Filling up the DagBag from /opt/airflow/dags/dag_file.py","logger":"airflow.dag_processing.dagbag.BundleDagBag","filename":"dagbag.py","lineno":469}
{"timestamp":"2026-05-15T14:18:38.636661Z","level":"info","event":"Filling up the DagBag from /opt/airflow/dags/dag_file.py","logger":"airflow.dag_processing.dagbag.BundleDagBag","filename":"dagbag.py","lineno":469}
{"timestamp":"2026-05-15T14:19:10.346657Z","level":"info","event":"Filling up the DagBag from /opt/airflow/dags/dag_file.py","logger":"airflow.dag_processing.dagbag.BundleDagBag","filename":"dagbag.py","lineno":469}
{"timestamp":"2026-05-15T14:19:42.027931Z","level":"info","event":"Filling up the DagBag from /opt/airflow/dags/dag_file.py","logger":"airflow.dag_processing.dagbag.BundleDagBag","filename":"dagbag.py","lineno":469}
{"timestamp":"2026-05-15T14:20:13.806398Z","level":"info","event":"Filling up the DagBag from /opt/airflow/dags/dag_file.py","logger":"airflow.dag_processing.dagbag.BundleDagBag","filename":"dagbag.py","lineno":469}
{"timestamp":"2026-05-15T14:20:46.904520Z","level":"info","event":"Filling up the DagBag from /opt/airflow/dags/dag_file.py","logger":"airflow.dag_processing.dagbag.BundleDagBag","filename":"dagbag.py","lineno":469}
{"timestamp":"2026-05-15T14:21:18.439164Z","level":"info","event":"Filling up the DagBag from /opt/airflow/dags/dag_file.py","logger":"airflow.dag_processing.dagbag.BundleDagBag","filename":"dagbag.py","lineno":469}
{"timestamp":"2026-05-15T14:21:50.154082Z","level":"info","event":"Filling up the DagBag from /opt/airflow/dags/dag_file.py","logger":"airflow.dag_processing.dagbag.BundleDagBag","filename":"dagbag.py","lineno":469}
{"timestamp":"2026-05-15T14:22:21.934065Z","level":"info","event":"Filling up the DagBag from /opt/airflow/dags/dag_file.py","logger":"airflow.dag_processing.dagbag.BundleDagBag","filename":"dagbag.py","lineno":469}
{"timestamp":"2026-05-15T14:22:53.555653Z","level":"info","event":"Filling up the DagBag from /opt/airflow/dags/dag_file.py","logger":"airflow.dag_processing.dagbag.BundleDagBag","filename":"dagbag.py","lineno":469}
{"timestamp":"2026-05-15T14:23:26.174343Z","level":"info","event":"Filling up the DagBag from /opt/airflow/dags/dag_file.py","logger":"airflow.dag_processing.dagbag.BundleDagBag","filename":"dagbag.py","lineno":469}
{"timestamp":"2026-05-15T14:23:57.867847Z","level":"info","event":"Filling up the DagBag from /opt/airflow/dags/dag_file.py","logger":"airflow.dag_processing.dagbag.BundleDagBag","filename":"dagbag.py","lineno":469}
{"timestamp":"2026-05-15T14:24:30.552513Z","level":"info","event":"Filling up the DagBag from /opt/airflow/dags/dag_file.py","logger":"airflow.dag_processing.dagbag.BundleDagBag","filename":"dagbag.py","lineno":469}
{"timestamp":"2026-05-15T14:25:03.302120Z","level":"info","event":"Filling up the DagBag from /opt/airflow/dags/dag_file.py","logger":"airflow.dag_processing.dagbag.BundleDagBag","filename":"dagbag.py","lineno":469}
{"timestamp":"2026-05-15T14:25:36.626342Z","level":"info","event":"Filling up the DagBag from /opt/airflow/dags/dag_file.py","logger":"airflow.dag_processing.dagbag.BundleDagBag","filename":"dagbag.py","lineno":469}
{"timestamp":"2026-05-15T14:26:09.115297Z","level":"info","event":"Filling up the DagBag from /opt/airflow/dags/dag_file.py","logger":"airflow.dag_processing.dagbag.BundleDagBag","filename":"dagbag.py","lineno":469}
{"timestamp":"2026-05-15T14:26:41.267598Z","level":"info","event":"Filling up the DagBag from /opt/airflow/dags/dag_file.py","logger":"airflow.dag_processing.dagbag.BundleDagBag","filename":"dagbag.py","lineno":469}
{"timestamp":"2026-05-15T14:27:13.356477Z","level":"info","event":"Filling up the DagBag from /opt/airflow/dags/dag_file.py","logger":"airflow.dag_processing.dagbag.BundleDagBag","filename":"dagbag.py","lineno":469}
{"timestamp":"2026-05-15T14:27:46.414325Z","level":"info","event":"Filling up the DagBag from /opt/airflow/dags/dag_file.py","logger":"airflow.dag_processing.dagbag.BundleDagBag","filename":"dagbag.py","lineno":469}
{"timestamp":"2026-05-15T14:28:18.708235Z","level":"info","event":"Filling up the DagBag from /opt/airflow/dags/dag_file.py","logger":"airflow.dag_processing.dagbag.BundleDagBag","filename":"dagbag.py","lineno":469}
{"timestamp":"2026-05-15T14:28:51.108893Z","level":"info","event":"Filling up the DagBag from /opt/airflow/dags/dag_file.py","logger":"airflow.dag_processing.dagbag.BundleDagBag","filename":"dagbag.py","lineno":469}
{"timestamp":"2026-05-15T14:29:22.744978Z","level":"info","event":"Filling up the DagBag from /opt/airflow/dags/dag_file.py","logger":"airflow.dag_processing.dagbag.BundleDagBag","filename":"dagbag.py","lineno":469}
{"timestamp":"2026-05-15T14:29:54.691089Z","level":"info","event":"Filling up the DagBag from /opt/airflow/dags/dag_file.py","logger":"airflow.dag_processing.dagbag.BundleDagBag","filename":"dagbag.py","lineno":469}
{"timestamp":"2026-05-15T14:30:27.093290Z","level":"info","event":"Filling up the DagBag from /opt/airflow/dags/dag_file.py","logger":"airflow.dag_processing.dagbag.BundleDagBag","filename":"dagbag.py","lineno":469}
{"timestamp":"2026-05-15T14:30:59.196531Z","level":"info","event":"Filling up the DagBag from /opt/airflow/dags/dag_file.py","logger":"airflow.dag_processing.dagbag.BundleDagBag","filename":"dagbag.py","lineno":469}
{"timestamp":"2026-05-15T14:31:31.187355Z","level":"info","event":"Filling up the DagBag from /opt/airflow/dags/dag_file.py","logger":"airflow.dag_processing.dagbag.BundleDagBag","filename":"dagbag.py","lineno":469}
{"timestamp":"2026-05-15T14:32:03.273074Z","level":"info","event":"Filling up the DagBag from /opt/airflow/dags/dag_file.py","logger":"airflow.dag_processing.dagbag.BundleDagBag","filename":"dagbag.py","lineno":469}
{"timestamp":"2026-05-15T14:32:35.753911Z","level":"info","event":"Filling up the DagBag from /opt/airflow/dags/dag_file.py","logger":"airflow.dag_processing.dagbag.BundleDagBag","filename":"dagbag.py","lineno":469}
{"timestamp":"2026-05-15T14:33:08.383556Z","level":"info","event":"Filling up the DagBag from /opt/airflow/dags/dag_file.py","logger":"airflow.dag_processing.dagbag.BundleDagBag","filename":"dagbag.py","lineno":469}
{"timestamp":"2026-05-15T14:33:40.318834Z","level":"info","event":"Filling up the DagBag from /opt/airflow/dags/dag_file.py","logger":"airflow.dag_processing.dagbag.BundleDagBag","filename":"dagbag.py","lineno":469}
{"timestamp":"2026-05-15T14:34:13.018170Z","level":"info","event":"Filling up the DagBag from /opt/airflow/dags/dag_file.py","logger":"airflow.dag_processing.dagbag.BundleDagBag","filename":"dagbag.py","lineno":469}
{"timestamp":"2026-05-15T14:34:44.861184Z","level":"info","event":"Filling up the DagBag from /opt/airflow/dags/dag_file.py","logger":"airflow.dag_processing.dagbag.BundleDagBag","filename":"dagbag.py","lineno":469}
{"timestamp":"2026-05-15T14:35:17.567172Z","level":"info","event":"Filling up the DagBag from /opt/airflow/dags/dag_file.py","logger":"airflow.dag_processing.dagbag.BundleDagBag","filename":"dagbag.py","lineno":469}
{"timestamp":"2026-05-15T14:35:49.092105Z","level":"info","event":"Filling up the DagBag from /opt/airflow/dags/dag_file.py","logger":"airflow.dag_processing.dagbag.BundleDagBag","filename":"dagbag.py","lineno":469}
{"timestamp":"2026-05-15T14:36:21.350021Z","level":"info","event":"Filling up the DagBag from /opt/airflow/dags/dag_file.py","logger":"airflow.dag_processing.dagbag.BundleDagBag","filename":"dagbag.py","lineno":469}
{"timestamp":"2026-05-15T14:36:53.457918Z","level":"info","event":"Filling up the DagBag from /opt/airflow/dags/dag_file.py","logger":"airflow.dag_processing.dagbag.BundleDagBag","filename":"dagbag.py","lineno":469}
{"timestamp":"2026-05-15T14:37:25.728658Z","level":"info","event":"Filling up the DagBag from /opt/airflow/dags/dag_file.py","logger":"airflow.dag_processing.dagbag.BundleDagBag","filename":"dagbag.py","lineno":469}
{"timestamp":"2026-05-15T14:37:57.685616Z","level":"info","event":"Filling up the DagBag from /opt/airflow/dags/dag_file.py","logger":"airflow.dag_processing.dagbag.BundleDagBag","filename":"dagbag.py","lineno":469}
{"timestamp":"2026-05-15T14:38:29.734621Z","level":"info","event":"Filling up the DagBag from /opt/airflow/dags/dag_file.py","logger":"airflow.dag_processing.dagbag.BundleDagBag","filename":"dagbag.py","lineno":469}
{"timestamp":"2026-05-15T14:39:01.800879Z","level":"info","event":"Filling up the DagBag from /opt/airflow/dags/dag_file.py","logger":"airflow.dag_processing.dagbag.BundleDagBag","filename":"dagbag.py","lineno":469}
{"timestamp":"2026-05-15T14:39:33.706950Z","level":"info","event":"Filling up the DagBag from /opt/airflow/dags/dag_file.py","logger":"airflow.dag_processing.dagbag.BundleDagBag","filename":"dagbag.py","lineno":469}
{"timestamp":"2026-05-15T14:40:06.683984Z","level":"info","event":"Filling up the DagBag from /opt/airflow/dags/dag_file.py","logger":"airflow.dag_processing.dagbag.BundleDagBag","filename":"dagbag.py","lineno":469}
{"timestamp":"2026-05-15T14:40:39.490070Z","level":"info","event":"Filling up the DagBag from /opt/airflow/dags/dag_file.py","logger":"airflow.dag_processing.dagbag.BundleDagBag","filename":"dagbag.py","lineno":469}
{"timestamp":"2026-05-15T14:41:11.516032Z","level":"info","event":"Filling up the DagBag from /opt/airflow/dags/dag_file.py","logger":"airflow.dag_processing.dagbag.BundleDagBag","filename":"dagbag.py","lineno":469}
{"timestamp":"2026-05-15T14:41:43.390250Z","level":"info","event":"Filling up the DagBag from /opt/airflow/dags/dag_file.py","logger":"airflow.dag_processing.dagbag.BundleDagBag","filename":"dagbag.py","lineno":469}
{"timestamp":"2026-05-15T14:42:15.196254Z","level":"info","event":"Filling up the DagBag from /opt/airflow/dags/dag_file.py","logger":"airflow.dag_processing.dagbag.BundleDagBag","filename":"dagbag.py","lineno":469}
{"timestamp":"2026-05-15T14:42:47.252075Z","level":"info","event":"Filling up the DagBag from /opt/airflow/dags/dag_file.py","logger":"airflow.dag_processing.dagbag.BundleDagBag","filename":"dagbag.py","lineno":469}
{"timestamp":"2026-05-15T14:43:19.660820Z","level":"info","event":"Filling up the DagBag from /opt/airflow/dags/dag_file.py","logger":"airflow.dag_processing.dagbag.BundleDagBag","filename":"dagbag.py","lineno":469}
{"timestamp":"2026-05-15T14:43:51.718005Z","level":"info","event":"Filling up the DagBag from /opt/airflow/dags/dag_file.py","logger":"airflow.dag_processing.dagbag.BundleDagBag","filename":"dagbag.py","lineno":469}
{"timestamp":"2026-05-15T14:44:23.310288Z","level":"info","event":"Filling up the DagBag from /opt/airflow/dags/dag_file.py","logger":"airflow.dag_processing.dagbag.BundleDagBag","filename":"dagbag.py","lineno":469}
{"timestamp":"2026-05-15T14:44:55.873251Z","level":"info","event":"Filling up the DagBag from /opt/airflow/dags/dag_file.py","logger":"airflow.dag_processing.dagbag.BundleDagBag","filename":"dagbag.py","lineno":469}
{"timestamp":"2026-05-15T14:45:28.569991Z","level":"info","event":"Filling up the DagBag from /opt/airflow/dags/dag_file.py","logger":"airflow.dag_processing.dagbag.BundleDagBag","filename":"dagbag.py","lineno":469}
{"timestamp":"2026-05-15T14:46:00.756581Z","level":"info","event":"Filling up the DagBag from /opt/airflow/dags/dag_file.py","logger":"airflow.dag_processing.dagbag.BundleDagBag","filename":"dagbag.py","lineno":469}
{"timestamp":"2026-05-15T14:46:32.898825Z","level":"info","event":"Filling up the DagBag from /opt/airflow/dags/dag_file.py","logger":"airflow.dag_processing.dagbag.BundleDagBag","filename":"dagbag.py","lineno":469}
{"timestamp":"2026-05-15T14:47:04.916134Z","level":"info","event":"Filling up the DagBag from /opt/airflow/dags/dag_file.py","logger":"airflow.dag_processing.dagbag.BundleDagBag","filename":"dagbag.py","lineno":469}
{"timestamp":"2026-05-15T14:47:38.032226Z","level":"info","event":"Filling up the DagBag from /opt/airflow/dags/dag_file.py","logger":"airflow.dag_processing.dagbag.BundleDagBag","filename":"dagbag.py","lineno":469}
{"timestamp":"2026-05-15T14:48:10.152296Z","level":"info","event":"Filling up the DagBag from /opt/airflow/dags/dag_file.py","logger":"airflow.dag_processing.dagbag.BundleDagBag","filename":"dagbag.py","lineno":469}
{"timestamp":"2026-05-15T14:48:42.291782Z","level":"info","event":"Filling up the DagBag from /opt/airflow/dags/dag_file.py","logger":"airflow.dag_processing.dagbag.BundleDagBag","filename":"dagbag.py","lineno":469}
{"timestamp":"2026-05-15T14:49:14.086176Z","level":"info","event":"Filling up the DagBag from /opt/airflow/dags/dag_file.py","logger":"airflow.dag_processing.dagbag.BundleDagBag","filename":"dagbag.py","lineno":469}
{"timestamp":"2026-05-15T14:49:46.984187Z","level":"info","event":"Filling up the DagBag from /opt/airflow/dags/dag_file.py","logger":"airflow.dag_processing.dagbag.BundleDagBag","filename":"dagbag.py","lineno":469}
{"timestamp":"2026-05-15T14:50:19.915051Z","level":"info","event":"Filling up the DagBag from /opt/airflow/dags/dag_file.py","logger":"airflow.dag_processing.dagbag.BundleDagBag","filename":"dagbag.py","lineno":469}
{"timestamp":"2026-05-15T14:50:52.389250Z","level":"info","event":"Filling up the DagBag from /opt/airflow/dags/dag_file.py","logger":"airflow.dag_processing.dagbag.BundleDagBag","filename":"dagbag.py","lineno":469}
{"timestamp":"2026-05-15T14:51:24.918450Z","level":"info","event":"Filling up the DagBag from /opt/airflow/dags/dag_file.py","logger":"airflow.dag_processing.dagbag.BundleDagBag","filename":"dagbag.py","lineno":469}
{"timestamp":"2026-05-15T14:51:58.182694Z","level":"info","event":"Filling up the DagBag from /opt/airflow/dags/dag_file.py","logger":"airflow.dag_processing.dagbag.BundleDagBag","filename":"dagbag.py","lineno":469}
{"timestamp":"2026-05-15T14:52:30.797886Z","level":"info","event":"Filling up the DagBag from /opt/airflow/dags/dag_file.py","logger":"airflow.dag_processing.dagbag.BundleDagBag","filename":"dagbag.py","lineno":469}
{"timestamp":"2026-05-15T14:53:03.544461Z","level":"info","event":"Filling up the DagBag from /opt/airflow/dags/dag_file.py","logger":"airflow.dag_processing.dagbag.BundleDagBag","filename":"dagbag.py","lineno":469}
{"timestamp":"2026-05-15T14:53:37.054606Z","level":"info","event":"Filling up the DagBag from /opt/airflow/dags/dag_file.py","logger":"airflow.dag_processing.dagbag.BundleDagBag","filename":"dagbag.py","lineno":469}
{"timestamp":"2026-05-15T14:54:08.109516Z","level":"info","event":"Filling up the DagBag from /opt/airflow/dags/dag_file.py","logger":"airflow.dag_processing.dagbag.BundleDagBag","filename":"dagbag.py","lineno":469}
{"timestamp":"2026-05-15T14:54:39.060316Z","level":"info","event":"Filling up the DagBag from /opt/airflow/dags/dag_file.py","logger":"airflow.dag_processing.dagbag.BundleDagBag","filename":"dagbag.py","lineno":469}
{"timestamp":"2026-05-15T14:55:10.083255Z","level":"info","event":"Filling up the DagBag from /opt/airflow/dags/dag_file.py","logger":"airflow.dag_processing.dagbag.BundleDagBag","filename":"dagbag.py","lineno":469}
{"timestamp":"2026-05-15T14:55:41.056152Z","level":"info","event":"Filling up the DagBag from /opt/airflow/dags/dag_file.py","logger":"airflow.dag_processing.dagbag.BundleDagBag","filename":"dagbag.py","lineno":469}
{"timestamp":"2026-05-15T14:56:12.005642Z","level":"info","event":"Filling up the DagBag from /opt/airflow/dags/dag_file.py","logger":"airflow.dag_processing.dagbag.BundleDagBag","filename":"dagbag.py","lineno":469}
{"timestamp":"2026-05-15T14:56:42.945668Z","level":"info","event":"Filling up the DagBag from /opt/airflow/dags/dag_file.py","logger":"airflow.dag_processing.dagbag.BundleDagBag","filename":"dagbag.py","lineno":469}
{"timestamp":"2026-05-15T14:57:13.795422Z","level":"info","event":"Filling up the DagBag from /opt/airflow/dags/dag_file.py","logger":"airflow.dag_processing.dagbag.BundleDagBag","filename":"dagbag.py","lineno":469}
{"timestamp":"2026-05-15T14:57:44.685299Z","level":"info","event":"Filling up the DagBag from /opt/airflow/dags/dag_file.py","logger":"airflow.dag_processing.dagbag.BundleDagBag","filename":"dagbag.py","lineno":469}
{"timestamp":"2026-05-15T14:58:15.621420Z","level":"info","event":"Filling up the DagBag from /opt/airflow/dags/dag_file.py","logger":"airflow.dag_processing.dagbag.BundleDagBag","filename":"dagbag.py","lineno":469}
{"timestamp":"2026-05-15T14:58:46.633604Z","level":"info","event":"Filling up the DagBag from /opt/airflow/dags/dag_file.py","logger":"airflow.dag_processing.dagbag.BundleDagBag","filename":"dagbag.py","lineno":469}
{"timestamp":"2026-05-15T14:59:17.510673Z","level":"info","event":"Filling up the DagBag from /opt/airflow/dags/dag_file.py","logger":"airflow.dag_processing.dagbag.BundleDagBag","filename":"dagbag.py","lineno":469}
{"timestamp":"2026-05-15T14:59:48.489165Z","level":"info","event":"Filling up the DagBag from /opt/airflow/dags/dag_file.py","logger":"airflow.dag_processing.dagbag.BundleDagBag","filename":"dagbag.py","lineno":469}
{"timestamp":"2026-05-15T15:00:19.354668Z","level":"info","event":"Filling up the DagBag from /opt/airflow/dags/dag_file.py","logger":"airflow.dag_processing.dagbag.BundleDagBag","filename":"dagbag.py","lineno":469}
{"timestamp":"2026-05-15T15:00:50.198960Z","level":"info","event":"Filling up the DagBag from /opt/airflow/dags/dag_file.py","logger":"airflow.dag_processing.dagbag.BundleDagBag","filename":"dagbag.py","lineno":469}
{"timestamp":"2026-05-15T15:01:21.035719Z","level":"info","event":"Filling up the DagBag from /opt/airflow/dags/dag_file.py","logger":"airflow.dag_processing.dagbag.BundleDagBag","filename":"dagbag.py","lineno":469}
{"timestamp":"2026-05-15T15:01:51.892896Z","level":"info","event":"Filling up the DagBag from /opt/airflow/dags/dag_file.py","logger":"airflow.dag_processing.dagbag.BundleDagBag","filename":"dagbag.py","lineno":469}
{"timestamp":"2026-05-15T15:02:22.762867Z","level":"info","event":"Filling up the DagBag from /opt/airflow/dags/dag_file.py","logger":"airflow.dag_processing.dagbag.BundleDagBag","filename":"dagbag.py","lineno":469}
{"timestamp":"2026-05-15T15:02:53.673905Z","level":"info","event":"Filling up the DagBag from /opt/airflow/dags/dag_file.py","logger":"airflow.dag_processing.dagbag.BundleDagBag","filename":"dagbag.py","lineno":469}
{"timestamp":"2026-05-15T15:03:24.533587Z","level":"info","event":"Filling up the DagBag from /opt/airflow/dags/dag_file.py","logger":"airflow.dag_processing.dagbag.BundleDagBag","filename":"dagbag.py","lineno":469}
{"timestamp":"2026-05-15T15:03:55.400144Z","level":"info","event":"Filling up the DagBag from /opt/airflow/dags/dag_file.py","logger":"airflow.dag_processing.dagbag.BundleDagBag","filename":"dagbag.py","lineno":469}
{"timestamp":"2026-05-15T15:04:26.312834Z","level":"info","event":"Filling up the DagBag from /opt/airflow/dags/dag_file.py","logger":"airflow.dag_processing.dagbag.BundleDagBag","filename":"dagbag.py","lineno":469}
{"timestamp":"2026-05-15T15:04:57.237467Z","level":"info","event":"Filling up the DagBag from /opt/airflow/dags/dag_file.py","logger":"airflow.dag_processing.dagbag.BundleDagBag","filename":"dagbag.py","lineno":469}
{"timestamp":"2026-05-15T15:05:28.139495Z","level":"info","event":"Filling up the DagBag from /opt/airflow/dags/dag_file.py","logger":"airflow.dag_processing.dagbag.BundleDagBag","filename":"dagbag.py","lineno":469}
{"timestamp":"2026-05-15T15:05:59.157687Z","level":"info","event":"Filling up the DagBag from /opt/airflow/dags/dag_file.py","logger":"airflow.dag_processing.dagbag.BundleDagBag","filename":"dagbag.py","lineno":469}
{"timestamp":"2026-05-15T15:06:30.009121Z","level":"info","event":"Filling up the DagBag from /opt/airflow/dags/dag_file.py","logger":"airflow.dag_processing.dagbag.BundleDagBag","filename":"dagbag.py","lineno":469}
{"timestamp":"2026-05-15T15:07:00.851077Z","level":"info","event":"Filling up the DagBag from /opt/airflow/dags/dag_file.py","logger":"airflow.dag_processing.dagbag.BundleDagBag","filename":"dagbag.py","lineno":469}
{"timestamp":"2026-05-15T15:07:31.746764Z","level":"info","event":"Filling up the DagBag from /opt/airflow/dags/dag_file.py","logger":"airflow.dag_processing.dagbag.BundleDagBag","filename":"dagbag.py","lineno":469}
{"timestamp":"2026-05-15T15:08:02.636839Z","level":"info","event":"Filling up the DagBag from /opt/airflow/dags/dag_file.py","logger":"airflow.dag_processing.dagbag.BundleDagBag","filename":"dagbag.py","lineno":469}
{"timestamp":"2026-05-15T15:08:33.545812Z","level":"info","event":"Filling up the DagBag from /opt/airflow/dags/dag_file.py","logger":"airflow.dag_processing.dagbag.BundleDagBag","filename":"dagbag.py","lineno":469}
{"timestamp":"2026-05-15T15:09:04.440117Z","level":"info","event":"Filling up the DagBag from /opt/airflow/dags/dag_file.py","logger":"airflow.dag_processing.dagbag.BundleDagBag","filename":"dagbag.py","lineno":469}
{"timestamp":"2026-05-15T15:09:35.253490Z","level":"info","event":"Filling up the DagBag from /opt/airflow/dags/dag_file.py","logger":"airflow.dag_processing.dagbag.BundleDagBag","filename":"dagbag.py","lineno":469}
{"timestamp":"2026-05-15T15:10:06.138166Z","level":"info","event":"Filling up the DagBag from /opt/airflow/dags/dag_file.py","logger":"airflow.dag_processing.dagbag.BundleDagBag","filename":"dagbag.py","lineno":469}
{"timestamp":"2026-05-15T15:10:37.109491Z","level":"info","event":"Filling up the DagBag from /opt/airflow/dags/dag_file.py","logger":"airflow.dag_processing.dagbag.BundleDagBag","filename":"dagbag.py","lineno":469}
{"timestamp":"2026-05-15T15:11:07.984248Z","level":"info","event":"Filling up the DagBag from /opt/airflow/dags/dag_file.py","logger":"airflow.dag_processing.dagbag.BundleDagBag","filename":"dagbag.py","lineno":469}
{"timestamp":"2026-05-15T15:11:38.922372Z","level":"info","event":"Filling up the DagBag from /opt/airflow/dags/dag_file.py","logger":"airflow.dag_processing.dagbag.BundleDagBag","filename":"dagbag.py","lineno":469}
{"timestamp":"2026-05-15T15:12:09.779009Z","level":"info","event":"Filling up the DagBag from /opt/airflow/dags/dag_file.py","logger":"airflow.dag_processing.dagbag.BundleDagBag","filename":"dagbag.py","lineno":469}
{"timestamp":"2026-05-15T15:12:40.630313Z","level":"info","event":"Filling up the DagBag from /opt/airflow/dags/dag_file.py","logger":"airflow.dag_processing.dagbag.BundleDagBag","filename":"dagbag.py","lineno":469}
{"timestamp":"2026-05-15T15:13:11.517052Z","level":"info","event":"Filling up the DagBag from /opt/airflow/dags/dag_file.py","logger":"airflow.dag_processing.dagbag.BundleDagBag","filename":"dagbag.py","lineno":469}
{"timestamp":"2026-05-15T15:13:42.422819Z","level":"info","event":"Filling up the DagBag from /opt/airflow/dags/dag_file.py","logger":"airflow.dag_processing.dagbag.BundleDagBag","filename":"dagbag.py","lineno":469}
{"timestamp":"2026-05-15T15:14:13.323470Z","level":"info","event":"Filling up the DagBag from /opt/airflow/dags/dag_file.py","logger":"airflow.dag_processing.dagbag.BundleDagBag","filename":"dagbag.py","lineno":469}
{"timestamp":"2026-05-15T15:14:44.145025Z","level":"info","event":"Filling up the DagBag from /opt/airflow/dags/dag_file.py","logger":"airflow.dag_processing.dagbag.BundleDagBag","filename":"dagbag.py","lineno":469}
{"timestamp":"2026-05-15T15:15:15.004109Z","level":"info","event":"Filling up the DagBag from /opt/airflow/dags/dag_file.py","logger":"airflow.dag_processing.dagbag.BundleDagBag","filename":"dagbag.py","lineno":469}
{"timestamp":"2026-05-15T15:15:45.892530Z","level":"info","event":"Filling up the DagBag from /opt/airflow/dags/dag_file.py","logger":"airflow.dag_processing.dagbag.BundleDagBag","filename":"dagbag.py","lineno":469}
{"timestamp":"2026-05-15T15:16:16.767449Z","level":"info","event":"Filling up the DagBag from /opt/airflow/dags/dag_file.py","logger":"airflow.dag_processing.dagbag.BundleDagBag","filename":"dagbag.py","lineno":469}
{"timestamp":"2026-05-15T15:16:47.656540Z","level":"info","event":"Filling up the DagBag from /opt/airflow/dags/dag_file.py","logger":"airflow.dag_processing.dagbag.BundleDagBag","filename":"dagbag.py","lineno":469}
{"timestamp":"2026-05-15T15:17:18.549910Z","level":"info","event":"Filling up the DagBag from /opt/airflow/dags/dag_file.py","logger":"airflow.dag_processing.dagbag.BundleDagBag","filename":"dagbag.py","lineno":469}
{"timestamp":"2026-05-15T15:17:49.460626Z","level":"info","event":"Filling up the DagBag from /opt/airflow/dags/dag_file.py","logger":"airflow.dag_processing.dagbag.BundleDagBag","filename":"dagbag.py","lineno":469}
{"timestamp":"2026-05-15T15:18:20.343463Z","level":"info","event":"Filling up the DagBag from /opt/airflow/dags/dag_file.py","logger":"airflow.dag_processing.dagbag.BundleDagBag","filename":"dagbag.py","lineno":469}
{"timestamp":"2026-05-15T15:18:51.222242Z","level":"info","event":"Filling up the DagBag from /opt/airflow/dags/dag_file.py","logger":"airflow.dag_processing.dagbag.BundleDagBag","filename":"dagbag.py","lineno":469}
{"timestamp":"2026-05-15T15:19:22.141951Z","level":"info","event":"Filling up the DagBag from /opt/airflow/dags/dag_file.py","logger":"airflow.dag_processing.dagbag.BundleDagBag","filename":"dagbag.py","lineno":469}
{"timestamp":"2026-05-15T15:19:52.987191Z","level":"info","event":"Filling up the DagBag from /opt/airflow/dags/dag_file.py","logger":"airflow.dag_processing.dagbag.BundleDagBag","filename":"dagbag.py","lineno":469}
{"timestamp":"2026-05-15T15:20:23.845299Z","level":"info","event":"Filling up the DagBag from /opt/airflow/dags/dag_file.py","logger":"airflow.dag_processing.dagbag.BundleDagBag","filename":"dagbag.py","lineno":469}
{"timestamp":"2026-05-15T15:20:54.707217Z","level":"info","event":"Filling up the DagBag from /opt/airflow/dags/dag_file.py","logger":"airflow.dag_processing.dagbag.BundleDagBag","filename":"dagbag.py","lineno":469}
{"timestamp":"2026-05-15T15:21:25.565402Z","level":"info","event":"Filling up the DagBag from /opt/airflow/dags/dag_file.py","logger":"airflow.dag_processing.dagbag.BundleDagBag","filename":"dagbag.py","lineno":469}
{"timestamp":"2026-05-15T15:21:56.445757Z","level":"info","event":"Filling up the DagBag from /opt/airflow/dags/dag_file.py","logger":"airflow.dag_processing.dagbag.BundleDagBag","filename":"dagbag.py","lineno":469}
{"timestamp":"2026-05-15T15:22:27.382327Z","level":"info","event":"Filling up the DagBag from /opt/airflow/dags/dag_file.py","logger":"airflow.dag_processing.dagbag.BundleDagBag","filename":"dagbag.py","lineno":469}
{"timestamp":"2026-05-15T15:22:58.248774Z","level":"info","event":"Filling up the DagBag from /opt/airflow/dags/dag_file.py","logger":"airflow.dag_processing.dagbag.BundleDagBag","filename":"dagbag.py","lineno":469}
{"timestamp":"2026-05-15T15:23:29.098565Z","level":"info","event":"Filling up the DagBag from /opt/airflow/dags/dag_file.py","logger":"airflow.dag_processing.dagbag.BundleDagBag","filename":"dagbag.py","lineno":469}
{"timestamp":"2026-05-15T15:24:00.046780Z","level":"info","event":"Filling up the DagBag from /opt/airflow/dags/dag_file.py","logger":"airflow.dag_processing.dagbag.BundleDagBag","filename":"dagbag.py","lineno":469}
{"timestamp":"2026-05-15T15:24:30.888122Z","level":"info","event":"Filling up the DagBag from /opt/airflow/dags/dag_file.py","logger":"airflow.dag_processing.dagbag.BundleDagBag","filename":"dagbag.py","lineno":469}
{"timestamp":"2026-05-15T15:25:01.775504Z","level":"info","event":"Filling up the DagBag from /opt/airflow/dags/dag_file.py","logger":"airflow.dag_processing.dagbag.BundleDagBag","filename":"dagbag.py","lineno":469}
{"timestamp":"2026-05-15T15:25:32.653307Z","level":"info","event":"Filling up the DagBag from /opt/airflow/dags/dag_file.py","logger":"airflow.dag_processing.dagbag.BundleDagBag","filename":"dagbag.py","lineno":469}
{"timestamp":"2026-05-15T15:26:03.525810Z","level":"info","event":"Filling up the DagBag from /opt/airflow/dags/dag_file.py","logger":"airflow.dag_processing.dagbag.BundleDagBag","filename":"dagbag.py","lineno":469}
{"timestamp":"2026-05-15T15:26:34.433731Z","level":"info","event":"Filling up the DagBag from /opt/airflow/dags/dag_file.py","logger":"airflow.dag_processing.dagbag.BundleDagBag","filename":"dagbag.py","lineno":469}
{"timestamp":"2026-05-15T15:27:05.334564Z","level":"info","event":"Filling up the DagBag from /opt/airflow/dags/dag_file.py","logger":"airflow.dag_processing.dagbag.BundleDagBag","filename":"dagbag.py","lineno":469}
{"timestamp":"2026-05-15T15:27:36.217877Z","level":"info","event":"Filling up the DagBag from /opt/airflow/dags/dag_file.py","logger":"airflow.dag_processing.dagbag.BundleDagBag","filename":"dagbag.py","lineno":469}
{"timestamp":"2026-05-15T15:28:07.109737Z","level":"info","event":"Filling up the DagBag from /opt/airflow/dags/dag_file.py","logger":"airflow.dag_processing.dagbag.BundleDagBag","filename":"dagbag.py","lineno":469}
{"timestamp":"2026-05-15T15:28:38.086064Z","level":"info","event":"Filling up the DagBag from /opt/airflow/dags/dag_file.py","logger":"airflow.dag_processing.dagbag.BundleDagBag","filename":"dagbag.py","lineno":469}
{"timestamp":"2026-05-15T15:29:08.950916Z","level":"info","event":"Filling up the DagBag from /opt/airflow/dags/dag_file.py","logger":"airflow.dag_processing.dagbag.BundleDagBag","filename":"dagbag.py","lineno":469}
{"timestamp":"2026-05-15T15:29:39.879849Z","level":"info","event":"Filling up the DagBag from /opt/airflow/dags/dag_file.py","logger":"airflow.dag_processing.dagbag.BundleDagBag","filename":"dagbag.py","lineno":469}
{"timestamp":"2026-05-15T15:30:10.749208Z","level":"info","event":"Filling up the DagBag from /opt/airflow/dags/dag_file.py","logger":"airflow.dag_processing.dagbag.BundleDagBag","filename":"dagbag.py","lineno":469}
{"timestamp":"2026-05-15T15:30:41.635694Z","level":"info","event":"Filling up the DagBag from /opt/airflow/dags/dag_file.py","logger":"airflow.dag_processing.dagbag.BundleDagBag","filename":"dagbag.py","lineno":469}
{"timestamp":"2026-05-15T15:31:12.493564Z","level":"info","event":"Filling up the DagBag from /opt/airflow/dags/dag_file.py","logger":"airflow.dag_processing.dagbag.BundleDagBag","filename":"dagbag.py","lineno":469}
{"timestamp":"2026-05-15T15:31:43.371009Z","level":"info","event":"Filling up the DagBag from /opt/airflow/dags/dag_file.py","logger":"airflow.dag_processing.dagbag.BundleDagBag","filename":"dagbag.py","lineno":469}
{"timestamp":"2026-05-15T15:32:14.251152Z","level":"info","event":"Filling up the DagBag from /opt/airflow/dags/dag_file.py","logger":"airflow.dag_processing.dagbag.BundleDagBag","filename":"dagbag.py","lineno":469}
{"timestamp":"2026-05-15T15:32:45.128352Z","level":"info","event":"Filling up the DagBag from /opt/airflow/dags/dag_file.py","logger":"airflow.dag_processing.dagbag.BundleDagBag","filename":"dagbag.py","lineno":469}
{"timestamp":"2026-05-15T15:33:16.005891Z","level":"info","event":"Filling up the DagBag from /opt/airflow/dags/dag_file.py","logger":"airflow.dag_processing.dagbag.BundleDagBag","filename":"dagbag.py","lineno":469}
{"timestamp":"2026-05-15T15:33:46.892784Z","level":"info","event":"Filling up the DagBag from /opt/airflow/dags/dag_file.py","logger":"airflow.dag_processing.dagbag.BundleDagBag","filename":"dagbag.py","lineno":469}
{"timestamp":"2026-05-15T15:34:17.785369Z","level":"info","event":"Filling up the DagBag from /opt/airflow/dags/dag_file.py","logger":"airflow.dag_processing.dagbag.BundleDagBag","filename":"dagbag.py","lineno":469}
{"timestamp":"2026-05-15T15:34:48.650100Z","level":"info","event":"Filling up the DagBag from /opt/airflow/dags/dag_file.py","logger":"airflow.dag_processing.dagbag.BundleDagBag","filename":"dagbag.py","lineno":469}
{"timestamp":"2026-05-15T15:35:19.537926Z","level":"info","event":"Filling up the DagBag from /opt/airflow/dags/dag_file.py","logger":"airflow.dag_processing.dagbag.BundleDagBag","filename":"dagbag.py","lineno":469}
{"timestamp":"2026-05-15T15:35:50.490081Z","level":"info","event":"Filling up the DagBag from /opt/airflow/dags/dag_file.py","logger":"airflow.dag_processing.dagbag.BundleDagBag","filename":"dagbag.py","lineno":469}
{"timestamp":"2026-05-15T15:36:21.374434Z","level":"info","event":"Filling up the DagBag from /opt/airflow/dags/dag_file.py","logger":"airflow.dag_processing.dagbag.BundleDagBag","filename":"dagbag.py","lineno":469}
{"timestamp":"2026-05-15T15:36:52.221302Z","level":"info","event":"Filling up the DagBag from /opt/airflow/dags/dag_file.py","logger":"airflow.dag_processing.dagbag.BundleDagBag","filename":"dagbag.py","lineno":469}
{"timestamp":"2026-05-15T15:37:23.061669Z","level":"info","event":"Filling up the DagBag from /opt/airflow/dags/dag_file.py","logger":"airflow.dag_processing.dagbag.BundleDagBag","filename":"dagbag.py","lineno":469}
{"timestamp":"2026-05-15T15:37:53.965039Z","level":"info","event":"Filling up the DagBag from /opt/airflow/dags/dag_file.py","logger":"airflow.dag_processing.dagbag.BundleDagBag","filename":"dagbag.py","lineno":469}
{"timestamp":"2026-05-15T15:38:24.891859Z","level":"info","event":"Filling up the DagBag from /opt/airflow/dags/dag_file.py","logger":"airflow.dag_processing.dagbag.BundleDagBag","filename":"dagbag.py","lineno":469}
{"timestamp":"2026-05-15T15:38:55.797623Z","level":"info","event":"Filling up the DagBag from /opt/airflow/dags/dag_file.py","logger":"airflow.dag_processing.dagbag.BundleDagBag","filename":"dagbag.py","lineno":469}
{"timestamp":"2026-05-15T15:39:26.734024Z","level":"info","event":"Filling up the DagBag from /opt/airflow/dags/dag_file.py","logger":"airflow.dag_processing.dagbag.BundleDagBag","filename":"dagbag.py","lineno":469}
{"timestamp":"2026-05-15T15:39:57.606741Z","level":"info","event":"Filling up the DagBag from /opt/airflow/dags/dag_file.py","logger":"airflow.dag_processing.dagbag.BundleDagBag","filename":"dagbag.py","lineno":469}
{"timestamp":"2026-05-15T15:40:28.563851Z","level":"info","event":"Filling up the DagBag from /opt/airflow/dags/dag_file.py","logger":"airflow.dag_processing.dagbag.BundleDagBag","filename":"dagbag.py","lineno":469}
{"timestamp":"2026-05-15T15:40:59.451636Z","level":"info","event":"Filling up the DagBag from /opt/airflow/dags/dag_file.py","logger":"airflow.dag_processing.dagbag.BundleDagBag","filename":"dagbag.py","lineno":469}
{"timestamp":"2026-05-15T15:41:30.346412Z","level":"info","event":"Filling up the DagBag from /opt/airflow/dags/dag_file.py","logger":"airflow.dag_processing.dagbag.BundleDagBag","filename":"dagbag.py","lineno":469}
{"timestamp":"2026-05-15T15:42:01.213842Z","level":"info","event":"Filling up the DagBag from /opt/airflow/dags/dag_file.py","logger":"airflow.dag_processing.dagbag.BundleDagBag","filename":"dagbag.py","lineno":469}
{"timestamp":"2026-05-15T15:42:32.091357Z","level":"info","event":"Filling up the DagBag from /opt/airflow/dags/dag_file.py","logger":"airflow.dag_processing.dagbag.BundleDagBag","filename":"dagbag.py","lineno":469}
{"timestamp":"2026-05-15T15:43:02.968191Z","level":"info","event":"Filling up the DagBag from /opt/airflow/dags/dag_file.py","logger":"airflow.dag_processing.dagbag.BundleDagBag","filename":"dagbag.py","lineno":469}
{"timestamp":"2026-05-15T15:43:33.836599Z","level":"info","event":"Filling up the DagBag from /opt/airflow/dags/dag_file.py","logger":"airflow.dag_processing.dagbag.BundleDagBag","filename":"dagbag.py","lineno":469}
{"timestamp":"2026-05-15T15:44:04.760335Z","level":"info","event":"Filling up the DagBag from /opt/airflow/dags/dag_file.py","logger":"airflow.dag_processing.dagbag.BundleDagBag","filename":"dagbag.py","lineno":469}
{"timestamp":"2026-05-15T15:44:35.670959Z","level":"info","event":"Filling up the DagBag from /opt/airflow/dags/dag_file.py","logger":"airflow.dag_processing.dagbag.BundleDagBag","filename":"dagbag.py","lineno":469}
{"timestamp":"2026-05-15T15:45:06.537332Z","level":"info","event":"Filling up the DagBag from /opt/airflow/dags/dag_file.py","logger":"airflow.dag_processing.dagbag.BundleDagBag","filename":"dagbag.py","lineno":469}
{"timestamp":"2026-05-15T15:45:37.371243Z","level":"info","event":"Filling up the DagBag from /opt/airflow/dags/dag_file.py","logger":"airflow.dag_processing.dagbag.BundleDagBag","filename":"dagbag.py","lineno":469}
{"timestamp":"2026-05-15T15:46:08.270743Z","level":"info","event":"Filling up the DagBag from /opt/airflow/dags/dag_file.py","logger":"airflow.dag_processing.dagbag.BundleDagBag","filename":"dagbag.py","lineno":469}
{"timestamp":"2026-05-15T15:46:39.168421Z","level":"info","event":"Filling up the DagBag from /opt/airflow/dags/dag_file.py","logger":"airflow.dag_processing.dagbag.BundleDagBag","filename":"dagbag.py","lineno":469}
{"timestamp":"2026-05-15T15:47:10.078491Z","level":"info","event":"Filling up the DagBag from /opt/airflow/dags/dag_file.py","logger":"airflow.dag_processing.dagbag.BundleDagBag","filename":"dagbag.py","lineno":469}
{"timestamp":"2026-05-15T15:47:41.088179Z","level":"info","event":"Filling up the DagBag from /opt/airflow/dags/dag_file.py","logger":"airflow.dag_processing.dagbag.BundleDagBag","filename":"dagbag.py","lineno":469}
{"timestamp":"2026-05-15T15:48:12.014924Z","level":"info","event":"Filling up the DagBag from /opt/airflow/dags/dag_file.py","logger":"airflow.dag_processing.dagbag.BundleDagBag","filename":"dagbag.py","lineno":469}
{"timestamp":"2026-05-15T15:48:42.868661Z","level":"info","event":"Filling up the DagBag from /opt/airflow/dags/dag_file.py","logger":"airflow.dag_processing.dagbag.BundleDagBag","filename":"dagbag.py","lineno":469}
{"timestamp":"2026-05-15T15:49:13.698223Z","level":"info","event":"Filling up the DagBag from /opt/airflow/dags/dag_file.py","logger":"airflow.dag_processing.dagbag.BundleDagBag","filename":"dagbag.py","lineno":469}
{"timestamp":"2026-05-15T15:49:44.559756Z","level":"info","event":"Filling up the DagBag from /opt/airflow/dags/dag_file.py","logger":"airflow.dag_processing.dagbag.BundleDagBag","filename":"dagbag.py","lineno":469}
{"timestamp":"2026-05-15T15:50:15.436985Z","level":"info","event":"Filling up the DagBag from /opt/airflow/dags/dag_file.py","logger":"airflow.dag_processing.dagbag.BundleDagBag","filename":"dagbag.py","lineno":469}
{"timestamp":"2026-05-15T15:50:46.303729Z","level":"info","event":"Filling up the DagBag from /opt/airflow/dags/dag_file.py","logger":"airflow.dag_processing.dagbag.BundleDagBag","filename":"dagbag.py","lineno":469}
{"timestamp":"2026-05-15T15:51:17.181135Z","level":"info","event":"Filling up the DagBag from /opt/airflow/dags/dag_file.py","logger":"airflow.dag_processing.dagbag.BundleDagBag","filename":"dagbag.py","lineno":469}
{"timestamp":"2026-05-15T15:51:48.030064Z","level":"info","event":"Filling up the DagBag from /opt/airflow/dags/dag_file.py","logger":"airflow.dag_processing.dagbag.BundleDagBag","filename":"dagbag.py","lineno":469}
{"timestamp":"2026-05-15T15:52:18.967202Z","level":"info","event":"Filling up the DagBag from /opt/airflow/dags/dag_file.py","logger":"airflow.dag_processing.dagbag.BundleDagBag","filename":"dagbag.py","lineno":469}
{"timestamp":"2026-05-15T15:52:49.763835Z","level":"info","event":"Filling up the DagBag from /opt/airflow/dags/dag_file.py","logger":"airflow.dag_processing.dagbag.BundleDagBag","filename":"dagbag.py","lineno":469}
{"timestamp":"2026-05-15T15:53:20.558678Z","level":"info","event":"Filling up the DagBag from /opt/airflow/dags/dag_file.py","logger":"airflow.dag_processing.dagbag.BundleDagBag","filename":"dagbag.py","lineno":469}
{"timestamp":"2026-05-15T15:53:51.391843Z","level":"info","event":"Filling up the DagBag from /opt/airflow/dags/dag_file.py","logger":"airflow.dag_processing.dagbag.BundleDagBag","filename":"dagbag.py","lineno":469}
{"timestamp":"2026-05-15T15:54:22.318329Z","level":"info","event":"Filling up the DagBag from /opt/airflow/dags/dag_file.py","logger":"airflow.dag_processing.dagbag.BundleDagBag","filename":"dagbag.py","lineno":469}
{"timestamp":"2026-05-15T15:54:53.205038Z","level":"info","event":"Filling up the DagBag from /opt/airflow/dags/dag_file.py","logger":"airflow.dag_processing.dagbag.BundleDagBag","filename":"dagbag.py","lineno":469}
{"timestamp":"2026-05-15T15:55:24.077716Z","level":"info","event":"Filling up the DagBag from /opt/airflow/dags/dag_file.py","logger":"airflow.dag_processing.dagbag.BundleDagBag","filename":"dagbag.py","lineno":469}
{"timestamp":"2026-05-15T15:55:54.941253Z","level":"info","event":"Filling up the DagBag from /opt/airflow/dags/dag_file.py","logger":"airflow.dag_processing.dagbag.BundleDagBag","filename":"dagbag.py","lineno":469}
{"timestamp":"2026-05-15T15:56:25.977722Z","level":"info","event":"Filling up the DagBag from /opt/airflow/dags/dag_file.py","logger":"airflow.dag_processing.dagbag.BundleDagBag","filename":"dagbag.py","lineno":469}
